\BOOKMARK [0][-]{part.1}{\376\377\000\040\000M\000o\000d\000\350\000l\000e\000s\000\040\000d\000e\000\040\000D\000i\000f\000f\000u\000s\000i\000o\000n\000\040\000G\000\351\000n\000\351\000r\000a\000t\000i\000f\000s}{}% 1
\BOOKMARK [1][-]{section.1}{\376\377\000I\000n\000t\000r\000o\000d\000u\000c\000t\000i\000o\000n}{part.1}% 2
\BOOKMARK [1][-]{section.2}{\376\377\000P\000r\000o\000c\000e\000s\000s\000u\000s\000\040\000d\000e\000\040\000D\000i\000f\000f\000u\000s\000i\000o\000n\000\040\000F\000o\000r\000w\000a\000r\000d}{part.1}% 3
\BOOKMARK [2][-]{subsection.2.1}{\376\377\000L\000e\000\040\000m\000o\000u\000v\000e\000m\000e\000n\000t\000\040\000B\000r\000o\000w\000n\000i\000e\000n}{section.2}% 4
\BOOKMARK [2][-]{subsection.2.2}{\376\377\000F\000o\000r\000m\000u\000l\000a\000t\000i\000o\000n\000\040\000S\000D\000E\000\040\000\050\000S\000t\000o\000c\000h\000a\000s\000t\000i\000c\000\040\000D\000i\000f\000f\000e\000r\000e\000n\000t\000i\000a\000l\000\040\000E\000q\000u\000a\000t\000i\000o\000n\000\051}{section.2}% 5
\BOOKMARK [2][-]{subsection.2.3}{\376\377\000O\000u\000t\000i\000l\000s\000\040\000d\000e\000\040\000c\000a\000l\000c\000u\000l\000\040\000s\000t\000o\000c\000h\000a\000s\000t\000i\000q\000u\000e}{section.2}% 6
\BOOKMARK [1][-]{section.3}{\376\377\000R\000\351\000s\000o\000l\000u\000t\000i\000o\000n\000\040\000d\000e\000\040\000l\000a\000\040\000S\000D\000E\000\040\000:\000\040\000t\000r\000o\000i\000s\000\040\000v\000a\000r\000i\000a\000n\000t\000e\000s}{part.1}% 7
\BOOKMARK [2][-]{subsection.3.1}{\376\377\000V\000a\000r\000i\000a\000n\000c\000e\000\040\000E\000x\000p\000l\000o\000d\000i\000n\000g\000\040\000\050\000V\000E\000\051}{section.3}% 8
\BOOKMARK [2][-]{subsection.3.2}{\376\377\000V\000a\000r\000i\000a\000n\000c\000e\000\040\000P\000r\000e\000s\000e\000r\000v\000i\000n\000g\000\040\000\050\000V\000P\000\051\000\040\040\024\000\040\000O\000r\000n\000s\000t\000e\000i\000n\040\023\000U\000h\000l\000e\000n\000b\000e\000c\000k}{section.3}% 9
\BOOKMARK [2][-]{subsection.3.3}{\376\377\000D\000D\000P\000M\000\040\000\050\000D\000e\000n\000o\000i\000s\000i\000n\000g\000\040\000D\000i\000f\000f\000u\000s\000i\000o\000n\000\040\000P\000r\000o\000b\000a\000b\000i\000l\000i\000s\000t\000i\000c\000\040\000M\000o\000d\000e\000l\000s\000\051\040\024\000\040\000f\000o\000r\000m\000u\000l\000a\000t\000i\000o\000n\000\040\000d\000i\000s\000c\000r\000\350\000t\000e}{section.3}% 10
\BOOKMARK [1][-]{section.4}{\376\377\000F\000o\000r\000m\000u\000l\000e\000\040\000d\000e\000\040\000T\000w\000e\000e\000d\000i\000e}{part.1}% 11
\BOOKMARK [2][-]{subsection.4.1}{\376\377\000E\000s\000t\000i\000m\000a\000t\000e\000u\000r\000\040\000M\000M\000S\000E}{section.4}% 12
\BOOKMARK [2][-]{subsection.4.2}{\376\377\000C\000a\000s\000\040\000V\000E}{section.4}% 13
\BOOKMARK [2][-]{subsection.4.3}{\376\377\000C\000a\000s\000\040\000V\000P\000/\000D\000D\000P\000M}{section.4}% 14
\BOOKMARK [2][-]{subsection.4.4}{\376\377\000\311\000q\000u\000i\000v\000a\000l\000e\000n\000c\000e\000\040\000d\000e\000s\000\040\000p\000a\000r\000a\000m\000\351\000t\000r\000i\000s\000a\000t\000i\000o\000n\000s}{section.4}% 15
\BOOKMARK [1][-]{section.5}{\376\377\000A\000p\000p\000r\000e\000n\000t\000i\000s\000s\000a\000g\000e\000\040\000d\000u\000\040\000S\000c\000o\000r\000e}{part.1}% 16
\BOOKMARK [2][-]{subsection.5.1}{\376\377\000P\000o\000u\000r\000q\000u\000o\000i\000\040\000l\000e\000\040\000s\000c\000o\000r\000e\000\040\000?}{section.5}% 17
\BOOKMARK [2][-]{subsection.5.2}{\376\377\000D\000e\000n\000o\000i\000s\000i\000n\000g\000\040\000S\000c\000o\000r\000e\000\040\000M\000a\000t\000c\000h\000i\000n\000g}{section.5}% 18
\BOOKMARK [2][-]{subsection.5.3}{\376\377\000S\000y\000n\000t\000h\000\350\000s\000e\000\040\000d\000u\000\040\000p\000r\000o\000c\000e\000s\000s\000u\000s\000\040\000f\000o\000r\000w\000a\000r\000d}{section.5}% 19
\BOOKMARK [1][-]{section.6}{\376\377\000G\000\351\000n\000\351\000r\000a\000t\000i\000o\000n\000\040\000d\000'\000i\000m\000a\000g\000e\000s}{part.1}% 20
\BOOKMARK [2][-]{subsection.6.1}{\376\377\000S\000D\000E\000\040\000r\000e\000v\000e\000r\000s\000e}{section.6}% 21
\BOOKMARK [2][-]{subsection.6.2}{\376\377\000D\000D\000P\000M\000\040\000v\000s\000\040\000D\000D\000I\000M}{section.6}% 22
\BOOKMARK [2][-]{subsection.6.3}{\376\377\000P\000r\000o\000b\000a\000b\000i\000l\000i\000t\000y\000\040\000F\000l\000o\000w\000\040\000O\000D\000E}{section.6}% 23
\BOOKMARK [1][-]{section.7}{\376\377\000P\000r\000o\000b\000l\000\350\000m\000e\000s\000\040\000i\000n\000v\000e\000r\000s\000e\000s}{part.1}% 24
\BOOKMARK [2][-]{subsection.7.1}{\376\377\000F\000o\000r\000m\000u\000l\000a\000t\000i\000o\000n\000\040\000e\000t\000\040\000e\000x\000e\000m\000p\000l\000e\000s}{section.7}% 25
\BOOKMARK [2][-]{subsection.7.2}{\376\377\000P\000o\000u\000r\000q\000u\000o\000i\000\040\000\351\000c\000h\000a\000n\000t\000i\000l\000l\000o\000n\000n\000e\000r\000\040\000v\000i\000a\000\040\000l\000a\000\040\000S\000D\000E\000\040\000r\000e\000v\000e\000r\000s\000e\000\040\000?}{section.7}% 26
\BOOKMARK [2][-]{subsection.7.3}{\376\377\000D\000\351\000c\000o\000m\000p\000o\000s\000i\000t\000i\000o\000n\000\040\000d\000u\000\040\000s\000c\000o\000r\000e\000\040\000c\000o\000n\000d\000i\000t\000i\000o\000n\000n\000e\000l}{section.7}% 27
\BOOKMARK [2][-]{subsection.7.4}{\376\377\000I\000n\000t\000r\000a\000c\000t\000a\000b\000i\000l\000i\000t\000\351\000\040\000d\000u\000\040\000s\000c\000o\000r\000e\000\040\000d\000e\000\040\000m\000e\000s\000u\000r\000e}{section.7}% 28
\BOOKMARK [2][-]{subsection.7.5}{\376\377\000D\000P\000S\000\040\000:\000\040\000a\000p\000p\000r\000o\000x\000i\000m\000a\000t\000i\000o\000n\000\040\000D\000i\000r\000a\000c}{section.7}% 29
\BOOKMARK [2][-]{subsection.7.6}{\376\377\000G\000D\000M\000\040\000:\000\040\000a\000p\000p\000r\000o\000x\000i\000m\000a\000t\000i\000o\000n\000\040\000g\000a\000u\000s\000s\000i\000e\000n\000n\000e}{section.7}% 30
\BOOKMARK [2][-]{subsection.7.7}{\376\377\000S\000y\000n\000t\000h\000\350\000s\000e\000\040\000d\000e\000\040\000p\000r\000o\000c\000e\000s\000s\000u\000s\000\040\000r\000e\000v\000e\000r\000s\000e}{section.7}% 31
\BOOKMARK [0][-]{part.2}{\376\377\000\040\000T\000e\000n\000t\000a\000t\000i\000v\000e\000\040\000d\000'\000u\000n\000e\000\040\000n\000o\000u\000v\000e\000l\000l\000e\000\040\000a\000p\000p\000r\000o\000c\000h\000e}{}% 32
\BOOKMARK [1][-]{section.8}{\376\377\000M\000o\000t\000i\000v\000a\000t\000i\000o\000n}{part.2}% 33
\BOOKMARK [1][-]{section.9}{\376\377\000R\000a\000p\000p\000e\000l\000s\000\040\000e\000t\000\040\000h\000y\000p\000o\000t\000h\000\350\000s\000e\000s}{part.2}% 34
\BOOKMARK [1][-]{section.10}{\376\377\000S\000c\000o\000r\000e\000\040\000c\000o\000n\000d\000i\000t\000i\000o\000n\000n\000e\000l\000\040\000e\000n\000\040\000f\000o\000r\000m\000e\000\040\000f\000e\000r\000m\000\351\000e}{part.2}% 35
\BOOKMARK [2][-]{subsection.10.1}{\376\377\000\311\000t\000a\000p\000e\000\040\0001\000\040\000:\000\040\000T\000w\000e\000e\000d\000i\000e\000\040\000c\000o\000n\000d\000i\000t\000i\000o\000n\000n\000e\000l\000\040\000a\000p\000p\000l\000i\000q\000u\000\351\000\040\000\340\000\040\000p\000t\000\050\000|\000\040\000y\000\051}{section.10}% 36
\BOOKMARK [2][-]{subsection.10.2}{\376\377\000\311\000t\000a\000p\000e\000\040\0002\000\040\000:\000\040\000l\000o\000i\000\040\000d\000e\000\040\000X\0000\000\040\000|\000\040\000X\000t\000,\000\040\000Y\000\040\000s\000o\000u\000s\000\040\000l\000e\000s\000\040\000h\000y\000p\000o\000t\000h\000\350\000s\000e\000s\000\040\000G\000D\000M}{section.10}% 37
\BOOKMARK [2][-]{subsection.10.3}{\376\377\000\311\000t\000a\000p\000e\000\040\0003\000\040\000:\000\040\000p\000r\000o\000d\000u\000i\000t\000\040\000d\000e\000\040\000g\000a\000u\000s\000s\000i\000e\000n\000n\000e\000s\000\040\000e\000t\000\040\000c\000o\000m\000p\000l\000\351\000t\000i\000o\000n\000\040\000d\000u\000\040\000c\000a\000r\000r\000\351}{section.10}% 38
\BOOKMARK [2][-]{subsection.10.4}{\376\377\000R\000\351\000s\000u\000l\000t\000a\000t\000\040\000p\000r\000i\000n\000c\000i\000p\000a\000l\000\040\000:\000\040\000s\000c\000o\000r\000e\000\040\000c\000o\000n\000d\000i\000t\000i\000o\000n\000n\000e\000l\000\040\000e\000x\000p\000l\000i\000c\000i\000t\000e}{section.10}% 39
\BOOKMARK [2][-]{subsection.10.5}{\376\377\000V\000e\000r\000s\000\040\000l\000'\000o\000p\000t\000i\000m\000i\000s\000a\000t\000i\000o\000n\000\040\000v\000a\000r\000i\000a\000t\000i\000o\000n\000n\000e\000l\000l\000e\000\040\000d\000e\000\040\000r\000t\0002\000\040\000e\000t\000\040\000b\0002}{section.10}% 40
\BOOKMARK [1][-]{section.11}{\376\377\000M\000o\000d\000\350\000l\000e\000\040\000h\000i\000\351\000r\000a\000r\000c\000h\000i\000q\000u\000e\000\040\000b\000a\000y\000\351\000s\000i\000e\000n}{part.2}% 41
\BOOKMARK [2][-]{subsection.11.1}{\376\377\000V\000a\000r\000i\000a\000b\000l\000e\000s\000\040\000e\000t\000\040\000s\000t\000r\000u\000c\000t\000u\000r\000e}{section.11}% 42
\BOOKMARK [2][-]{subsection.11.2}{\376\377\000L\000o\000i\000s\000\040\000d\000u\000\040\000m\000o\000d\000\350\000l\000e\000\040\000g\000\351\000n\000\351\000r\000a\000t\000i\000f}{section.11}% 43
\BOOKMARK [2][-]{subsection.11.3}{\376\377\000L\000o\000i\000\040\000j\000o\000i\000n\000t\000e}{section.11}% 44
\BOOKMARK [2][-]{subsection.11.4}{\376\377\000L\000o\000g\000-\000v\000r\000a\000i\000s\000e\000m\000b\000l\000a\000n\000c\000e\000\040\000j\000o\000i\000n\000t\000e}{section.11}% 45
\BOOKMARK [1][-]{section.12}{\376\377\000A\000p\000p\000r\000o\000x\000i\000m\000a\000t\000i\000o\000n\000\040\000v\000a\000r\000i\000a\000t\000i\000o\000n\000n\000e\000l\000l\000e}{part.2}% 46
\BOOKMARK [2][-]{subsection.12.1}{\376\377\000P\000o\000u\000r\000q\000u\000o\000i\000\040\000a\000p\000p\000r\000o\000c\000h\000e\000r\000\040\000l\000'\000a\000\040\000p\000o\000s\000t\000e\000r\000i\000o\000r\000i\000\040\000?}{section.12}% 47
\BOOKMARK [2][-]{subsection.12.2}{\376\377\000C\000h\000o\000i\000x\000\040\000d\000e\000\040\000l\000a\000\040\000m\000e\000s\000u\000r\000e\000\040\000d\000e\000\040\000d\000i\000s\000s\000e\000m\000b\000l\000a\000n\000c\000e}{section.12}% 48
\BOOKMARK [2][-]{subsection.12.3}{\376\377\000H\000y\000p\000o\000t\000h\000\350\000s\000e\000\040\000d\000e\000\040\000c\000h\000a\000m\000p\000\040\000m\000o\000y\000e\000n}{section.12}% 49
\BOOKMARK [1][-]{section.13}{\376\377\000O\000p\000t\000i\000m\000i\000s\000a\000t\000i\000o\000n\000\040\000d\000a\000n\000s\000\040\000l\000'\000e\000s\000p\000a\000c\000e\000\040\000d\000e\000s\000\040\000m\000e\000s\000u\000r\000e\000s}{part.2}% 50
\BOOKMARK [2][-]{subsection.13.1}{\376\377\000P\000o\000u\000r\000q\000u\000o\000i\000\040\000n\000e\000\040\000p\000a\000s\000\040\000f\000a\000i\000r\000e\000\040\000d\000e\000\040\000l\000a\000\040\000d\000e\000s\000c\000e\000n\000t\000e\000\040\000d\000e\000\040\000g\000r\000a\000d\000i\000e\000n\000t\000\040\000c\000l\000a\000s\000s\000i\000q\000u\000e\000\040\000?}{section.13}% 51
\BOOKMARK [2][-]{subsection.13.2}{\376\377\000E\000s\000p\000a\000c\000e\000s\000\040\000f\000o\000n\000c\000t\000i\000o\000n\000n\000e\000l\000s}{section.13}% 52
\BOOKMARK [2][-]{subsection.13.3}{\376\377\000D\000i\000f\000f\000\351\000r\000e\000n\000t\000i\000e\000l\000l\000e\000\040\000d\000e\000\040\000G\000\342\000t\000e\000a\000u\000x\000\040\000d\000e\000\040\000l\000'\000\351\000n\000e\000r\000g\000i\000e\000\040\000l\000i\000b\000r\000e}{section.13}% 53
\BOOKMARK [2][-]{subsection.13.4}{\376\377\000M\000i\000s\000e\000\040\000\340\000\040\000j\000o\000u\000r\000\040\000m\000u\000l\000t\000i\000p\000l\000i\000c\000a\000t\000i\000v\000e\000\040\000p\000a\000r\000\040\000R\000a\000d\000o\000n\000-\000N\000i\000k\000o\000d\000y\000m}{section.13}% 54
\BOOKMARK [2][-]{subsection.13.5}{\376\377\000S\000o\000u\000s\000-\000e\000s\000p\000a\000c\000e\000\040\000d\000e\000\040\000d\000i\000r\000e\000c\000t\000i\000o\000n\000s\000\040\000:\000\040\000g\000r\000a\000d\000i\000e\000n\000t\000\040\000\340\000\040\000m\000\351\000m\000o\000i\000r\000e}{section.13}% 55
\BOOKMARK [2][-]{subsection.13.6}{\376\377\000C\000h\000o\000i\000x\000\040\000d\000u\000\040\000p\000a\000s}{section.13}% 56
\BOOKMARK [2][-]{subsection.13.7}{\376\377\000S\000y\000n\000t\000h\000\350\000s\000e\000\040\000d\000e\000\040\000l\000'\000a\000l\000g\000o\000r\000i\000t\000h\000m\000e}{section.13}% 57
\BOOKMARK [2][-]{subsection.13.8}{\376\377\000A\000p\000p\000l\000i\000c\000a\000t\000i\000o\000n\000\040\000\340\000\040\000n\000o\000t\000r\000e\000\040\000c\000a\000s\000\040\000d\000'\000\351\000t\000u\000d\000e}{section.13}% 58
\BOOKMARK [3][-]{subsubsection.13.8.1}{\376\377\000R\000a\000p\000p\000e\000l\000\040\000d\000e\000\040\000l\000a\000\040\000l\000o\000g\000-\000j\000o\000i\000n\000t\000e}{subsection.13.8}% 59
\BOOKMARK [3][-]{subsubsection.13.8.2}{\376\377\000D\000i\000s\000t\000r\000i\000b\000u\000t\000i\000o\000n\000\040\000d\000e\000\040\000r\000\351\000f\000\351\000r\000e\000n\000c\000e\000\040\000p\000o\000u\000r\000\040\000b}{subsection.13.8}% 60
\BOOKMARK [3][-]{subsubsection.13.8.3}{\376\377\000D\000i\000s\000t\000r\000i\000b\000u\000t\000i\000o\000n\000\040\000d\000e\000\040\000r\000\351\000f\000\351\000r\000e\000n\000c\000e\000\040\000p\000o\000u\000r\000\040\000r}{subsection.13.8}% 61
\BOOKMARK [3][-]{subsubsection.13.8.4}{\376\377\000D\000i\000s\000t\000r\000i\000b\000u\000t\000i\000o\000n\000\040\000d\000e\000\040\000r\000\351\000f\000\351\000r\000e\000n\000c\000e\000\040\000p\000o\000u\000r\000\040\000x\0000\000,\000i}{subsection.13.8}% 62
\BOOKMARK [3][-]{subsubsection.13.8.5}{\376\377\000M\000i\000s\000e\000\040\000\340\000\040\000j\000o\000u\000r\000\040\000E\000M\000G\000-\000V\000B\000A\000\040}{subsection.13.8}% 63
\BOOKMARK [2][-]{subsection.13.9}{\376\377\000C\000a\000l\000c\000u\000l\000\040\000d\000u\000\040\000p\000a\000s\000\040\000s\000o\000u\000s\000-\000o\000p\000t\000i\000m\000a\000l}{section.13}% 64
