This is pdfTeX, Version 3.141592653-2.6-1.40.27 (TeX Live 2025) (preloaded format=pdflatex 2025.6.25)  13 APR 2026 11:18
entering extended mode
 restricted \write18 enabled.
 file:line:error style messages enabled.
 %&-line parsing enabled.
**main.tex
(./main.tex
LaTeX2e <2024-11-01> patch level 2
L3 programming layer <2025-01-18>
(/usr/local/texlive/2025/texmf-dist/tex/latex/base/article.cls
Document Class: article 2024/06/29 v1.4n Standard LaTeX document class
(/usr/local/texlive/2025/texmf-dist/tex/latex/base/size12.clo
File: size12.clo 2024/06/29 v1.4n Standard LaTeX file (size option)
)
\c@part=\count196
\c@section=\count197
\c@subsection=\count198
\c@subsubsection=\count199
\c@paragraph=\count266
\c@subparagraph=\count267
\c@figure=\count268
\c@table=\count269
\abovecaptionskip=\skip49
\belowcaptionskip=\skip50
\bibindent=\dimen141
) (/usr/local/texlive/2025/texmf-dist/tex/generic/babel/babel.sty
Package: babel 2025/02/14 v25.4 The multilingual framework for pdfLaTeX, LuaLaTeX and XeLaTeX
\babel@savecnt=\count270
\U@D=\dimen142
\l@unhyphenated=\language90
 (/usr/local/texlive/2025/texmf-dist/tex/generic/babel/txtbabel.def)
\bbl@readstream=\read2
\bbl@dirlevel=\count271
 (/usr/local/texlive/2025/texmf-dist/tex/generic/babel-french/french.ldf
Language: french 2024-07-25 v3.6c French support from the babel system
Package babel Info: Hyphen rules for 'acadian' set to \l@french
(babel)             (\language30). Reported on input line 91.
Package babel Info: Hyphen rules for 'canadien' set to \l@french
(babel)             (\language30). Reported on input line 92.
\FB@stdchar=\count272
Package babel Info: Making : an active character on input line 421.
Package babel Info: Making ; an active character on input line 422.
Package babel Info: Making ! an active character on input line 423.
Package babel Info: Making ? an active character on input line 424.
\FBguill@level=\count273
\FBold@everypar=\toks17
\FB@Mht=\dimen143
\mc@charclass=\count274
\mc@charfam=\count275
\mc@charslot=\count276
\std@mcc=\count277
\dec@mcc=\count278
\FB@parskip=\dimen144
\listindentFB=\dimen145
\descindentFB=\dimen146
\labelindentFB=\dimen147
\labelwidthFB=\dimen148
\leftmarginFB=\dimen149
\parindentFFN=\dimen150
\FBfnindent=\dimen151
)) (/usr/local/texlive/2025/texmf-dist/tex/generic/babel/locale/fr/babel-french.tex
Package babel Info: Importing font and identification data for french
(babel)             from babel-fr.ini. Reported on input line 11.
) (/usr/local/texlive/2025/texmf-dist/tex/latex/carlisle/scalefnt.sty) (/usr/local/texlive/2025/texmf-dist/tex/latex/base/inputenc.sty
Package: inputenc 2024/02/08 v1.3d Input encoding file
\inpenc@prehook=\toks18
\inpenc@posthook=\toks19
) (/usr/local/texlive/2025/texmf-dist/tex/latex/base/fontenc.sty
Package: fontenc 2021/04/29 v2.0v Standard LaTeX package
) (/usr/local/texlive/2025/texmf-dist/tex/latex/graphics/graphicx.sty
Package: graphicx 2021/09/16 v1.2d Enhanced LaTeX Graphics (DPC,SPQR)
 (/usr/local/texlive/2025/texmf-dist/tex/latex/graphics/keyval.sty
Package: keyval 2022/05/29 v1.15 key=value parser (DPC)
\KV@toks@=\toks20
) (/usr/local/texlive/2025/texmf-dist/tex/latex/graphics/graphics.sty
Package: graphics 2024/08/06 v1.4g Standard LaTeX Graphics (DPC,SPQR)
 (/usr/local/texlive/2025/texmf-dist/tex/latex/graphics/trig.sty
Package: trig 2023/12/02 v1.11 sin cos tan (DPC)
) (/usr/local/texlive/2025/texmf-dist/tex/latex/graphics-cfg/graphics.cfg
File: graphics.cfg 2016/06/04 v1.11 sample graphics configuration
)
Package graphics Info: Driver file: pdftex.def on input line 106.
 (/usr/local/texlive/2025/texmf-dist/tex/latex/graphics-def/pdftex.def
File: pdftex.def 2024/04/13 v1.2c Graphics/color driver for pdftex
))
\Gin@req@height=\dimen152
\Gin@req@width=\dimen153
) (/usr/local/texlive/2025/texmf-dist/tex/latex/fancyhdr/fancyhdr.sty
Package: fancyhdr 2025/02/07 v5.2 Extensive control of page headers and footers
\f@nch@headwidth=\skip51
\f@nch@offset@elh=\skip52
\f@nch@offset@erh=\skip53
\f@nch@offset@olh=\skip54
\f@nch@offset@orh=\skip55
\f@nch@offset@elf=\skip56
\f@nch@offset@erf=\skip57
\f@nch@offset@olf=\skip58
\f@nch@offset@orf=\skip59
\f@nch@height=\skip60
\f@nch@footalignment=\skip61
\f@nch@widthL=\skip62
\f@nch@widthC=\skip63
\f@nch@widthR=\skip64
\@temptokenb=\toks21
) (/usr/local/texlive/2025/texmf-dist/tex/latex/amsmath/amsmath.sty
Package: amsmath 2024/11/05 v2.17t AMS math features
\@mathmargin=\skip65

For additional information on amsmath, use the `?' option.
(/usr/local/texlive/2025/texmf-dist/tex/latex/amsmath/amstext.sty
Package: amstext 2021/08/26 v2.01 AMS text
 (/usr/local/texlive/2025/texmf-dist/tex/latex/amsmath/amsgen.sty
File: amsgen.sty 1999/11/30 v2.0 generic functions
\@emptytoks=\toks22
\ex@=\dimen154
)) (/usr/local/texlive/2025/texmf-dist/tex/latex/amsmath/amsbsy.sty
Package: amsbsy 1999/11/29 v1.2d Bold Symbols
\pmbraise@=\dimen155
) (/usr/local/texlive/2025/texmf-dist/tex/latex/amsmath/amsopn.sty
Package: amsopn 2022/04/08 v2.04 operator names
)
\inf@bad=\count279
LaTeX Info: Redefining \frac on input line 233.
\uproot@=\count280
\leftroot@=\count281
LaTeX Info: Redefining \overline on input line 398.
LaTeX Info: Redefining \colon on input line 409.
\classnum@=\count282
\DOTSCASE@=\count283
LaTeX Info: Redefining \ldots on input line 495.
LaTeX Info: Redefining \dots on input line 498.
LaTeX Info: Redefining \cdots on input line 619.
\Mathstrutbox@=\box52
\strutbox@=\box53
LaTeX Info: Redefining \big on input line 721.
LaTeX Info: Redefining \Big on input line 722.
LaTeX Info: Redefining \bigg on input line 723.
LaTeX Info: Redefining \Bigg on input line 724.
\big@size=\dimen156
LaTeX Font Info:    Redeclaring font encoding OML on input line 742.
LaTeX Font Info:    Redeclaring font encoding OMS on input line 743.
\macc@depth=\count284
LaTeX Info: Redefining \bmod on input line 904.
LaTeX Info: Redefining \pmod on input line 909.
LaTeX Info: Redefining \smash on input line 939.
LaTeX Info: Redefining \relbar on input line 969.
LaTeX Info: Redefining \Relbar on input line 970.
\c@MaxMatrixCols=\count285
\dotsspace@=\muskip17
\c@parentequation=\count286
\dspbrk@lvl=\count287
\tag@help=\toks23
\row@=\count288
\column@=\count289
\maxfields@=\count290
\andhelp@=\toks24
\eqnshift@=\dimen157
\alignsep@=\dimen158
\tagshift@=\dimen159
\tagwidth@=\dimen160
\totwidth@=\dimen161
\lineht@=\dimen162
\@envbody=\toks25
\multlinegap=\skip66
\multlinetaggap=\skip67
\mathdisplay@stack=\toks26
LaTeX Info: Redefining \[ on input line 2953.
LaTeX Info: Redefining \] on input line 2954.
) (/usr/local/texlive/2025/texmf-dist/tex/latex/amsfonts/amssymb.sty
Package: amssymb 2013/01/14 v3.01 AMS font symbols
 (/usr/local/texlive/2025/texmf-dist/tex/latex/amsfonts/amsfonts.sty
Package: amsfonts 2013/01/14 v3.01 Basic AMSFonts support
\symAMSa=\mathgroup4
\symAMSb=\mathgroup5
LaTeX Font Info:    Redeclaring math symbol \hbar on input line 98.
LaTeX Font Info:    Overwriting math alphabet `\mathfrak' in version `bold'
(Font)                  U/euf/m/n --> U/euf/b/n on input line 106.
)) (/usr/local/texlive/2025/texmf-dist/tex/latex/amscls/amsthm.sty
Package: amsthm 2020/05/29 v2.20.6
\thm@style=\toks27
\thm@bodyfont=\toks28
\thm@headfont=\toks29
\thm@notefont=\toks30
\thm@headpunct=\toks31
\thm@preskip=\skip68
\thm@postskip=\skip69
\thm@headsep=\skip70
\dth@everypar=\toks32
) (/usr/local/texlive/2025/texmf-dist/tex/latex/mathtools/mathtools.sty
Package: mathtools 2024/10/04 v1.31 mathematical typesetting tools
 (/usr/local/texlive/2025/texmf-dist/tex/latex/tools/calc.sty
Package: calc 2023/07/08 v4.3 Infix arithmetic (KKT,FJ)
\calc@Acount=\count291
\calc@Bcount=\count292
\calc@Adimen=\dimen163
\calc@Bdimen=\dimen164
\calc@Askip=\skip71
\calc@Bskip=\skip72
LaTeX Info: Redefining \setlength on input line 80.
LaTeX Info: Redefining \addtolength on input line 81.
\calc@Ccount=\count293
\calc@Cskip=\skip73
) (/usr/local/texlive/2025/texmf-dist/tex/latex/mathtools/mhsetup.sty
Package: mhsetup 2021/03/18 v1.4 programming setup (MH)
)
\g_MT_multlinerow_int=\count294
\l_MT_multwidth_dim=\dimen165
\origjot=\skip74
\l_MT_shortvdotswithinadjustabove_dim=\dimen166
\l_MT_shortvdotswithinadjustbelow_dim=\dimen167
\l_MT_above_intertext_sep=\dimen168
\l_MT_below_intertext_sep=\dimen169
\l_MT_above_shortintertext_sep=\dimen170
\l_MT_below_shortintertext_sep=\dimen171
\xmathstrut@box=\box54
\xmathstrut@dim=\dimen172
) (/usr/local/texlive/2025/texmf-dist/tex/latex/tools/bm.sty
Package: bm 2023/12/19 v1.2f Bold Symbol Support (DPC/FMi)
\symboldoperators=\mathgroup6
\symboldletters=\mathgroup7
\symboldsymbols=\mathgroup8
Package bm Info: No bold for \OMX/cmex/m/n, using \pmb.
Package bm Info: No bold for \U/msa/m/n, using \pmb.
Package bm Info: No bold for \U/msb/m/n, using \pmb.
LaTeX Font Info:    Redeclaring math alphabet \mathbf on input line 149.
) (/usr/local/texlive/2025/texmf-dist/tex/latex/cancel/cancel.sty
Package: cancel 2013/04/12 v2.2 Cancel math terms
) (/usr/local/texlive/2025/texmf-dist/tex/latex/geometry/geometry.sty
Package: geometry 2020/01/02 v5.9 Page Geometry
 (/usr/local/texlive/2025/texmf-dist/tex/generic/iftex/ifvtex.sty
Package: ifvtex 2019/10/25 v1.7 ifvtex legacy package. Use iftex instead.
 (/usr/local/texlive/2025/texmf-dist/tex/generic/iftex/iftex.sty
Package: iftex 2024/12/12 v1.0g TeX engine tests
))
\Gm@cnth=\count295
\Gm@cntv=\count296
\c@Gm@tempcnt=\count297
\Gm@bindingoffset=\dimen173
\Gm@wd@mp=\dimen174
\Gm@odd@mp=\dimen175
\Gm@even@mp=\dimen176
\Gm@layoutwidth=\dimen177
\Gm@layoutheight=\dimen178
\Gm@layouthoffset=\dimen179
\Gm@layoutvoffset=\dimen180
\Gm@dimlist=\toks33
) (/usr/local/texlive/2025/texmf-dist/tex/latex/xcolor/xcolor.sty
Package: xcolor 2024/09/29 v3.02 LaTeX color extensions (UK)
 (/usr/local/texlive/2025/texmf-dist/tex/latex/graphics-cfg/color.cfg
File: color.cfg 2016/01/02 v1.6 sample color configuration
)
Package xcolor Info: Driver file: pdftex.def on input line 274.
 (/usr/local/texlive/2025/texmf-dist/tex/latex/graphics/mathcolor.ltx)
Package xcolor Info: Model `cmy' substituted by `cmy0' on input line 1349.
Package xcolor Info: Model `hsb' substituted by `rgb' on input line 1353.
Package xcolor Info: Model `RGB' extended on input line 1365.
Package xcolor Info: Model `HTML' substituted by `rgb' on input line 1367.
Package xcolor Info: Model `Hsb' substituted by `hsb' on input line 1368.
Package xcolor Info: Model `tHsb' substituted by `hsb' on input line 1369.
Package xcolor Info: Model `HSB' substituted by `hsb' on input line 1370.
Package xcolor Info: Model `Gray' substituted by `gray' on input line 1371.
Package xcolor Info: Model `wave' substituted by `hsb' on input line 1372.
) (/usr/local/texlive/2025/texmf-dist/tex/latex/enumitem/enumitem.sty
Package: enumitem 2025/02/06 v3.11 Customized lists
\labelindent=\skip75
\enit@outerparindent=\dimen181
\enit@toks=\toks34
\enit@inbox=\box55
\enit@count@id=\count298
\enitdp@description=\count299
) (/usr/local/texlive/2025/texmf-dist/tex/latex/booktabs/booktabs.sty
Package: booktabs 2020/01/12 v1.61803398 Publication quality tables
\heavyrulewidth=\dimen182
\lightrulewidth=\dimen183
\cmidrulewidth=\dimen184
\belowrulesep=\dimen185
\belowbottomsep=\dimen186
\aboverulesep=\dimen187
\abovetopsep=\dimen188
\cmidrulesep=\dimen189
\cmidrulekern=\dimen190
\defaultaddspace=\dimen191
\@cmidla=\count300
\@cmidlb=\count301
\@aboverulesep=\dimen192
\@belowrulesep=\dimen193
\@thisruleclass=\count302
\@lastruleclass=\count303
\@thisrulewidth=\dimen194
) (/usr/local/texlive/2025/texmf-dist/tex/latex/titlesec/titlesec.sty
Package: titlesec 2025/01/04 v2.17 Sectioning titles
\ttl@box=\box56
\beforetitleunit=\skip76
\aftertitleunit=\skip77
\ttl@plus=\dimen195
\ttl@minus=\dimen196
\ttl@toksa=\toks35
\titlewidth=\dimen197
\titlewidthlast=\dimen198
\titlewidthfirst=\dimen199
) (/usr/local/texlive/2025/texmf-dist/tex/latex/tocloft/tocloft.sty
Package: tocloft 2017/08/31 v2.3i parameterised ToC, etc., typesetting
Package tocloft Info: The document has section divisions on input line 51.
\cftparskip=\skip78
\cftbeforetoctitleskip=\skip79
\cftaftertoctitleskip=\skip80
\cftbeforepartskip=\skip81
\cftpartnumwidth=\skip82
\cftpartindent=\skip83
\cftbeforesecskip=\skip84
\cftsecindent=\skip85
\cftsecnumwidth=\skip86
\cftbeforesubsecskip=\skip87
\cftsubsecindent=\skip88
\cftsubsecnumwidth=\skip89
\cftbeforesubsubsecskip=\skip90
\cftsubsubsecindent=\skip91
\cftsubsubsecnumwidth=\skip92
\cftbeforeparaskip=\skip93
\cftparaindent=\skip94
\cftparanumwidth=\skip95
\cftbeforesubparaskip=\skip96
\cftsubparaindent=\skip97
\cftsubparanumwidth=\skip98
\cftbeforeloftitleskip=\skip99
\cftafterloftitleskip=\skip100
\cftbeforefigskip=\skip101
\cftfigindent=\skip102
\cftfignumwidth=\skip103
\c@lofdepth=\count304
\c@lotdepth=\count305
\cftbeforelottitleskip=\skip104
\cftafterlottitleskip=\skip105
\cftbeforetabskip=\skip106
\cfttabindent=\skip107
\cfttabnumwidth=\skip108
) (/usr/local/texlive/2025/texmf-dist/tex/latex/tcolorbox/tcolorbox.sty
Package: tcolorbox 2024/10/22 version 6.4.1 text color boxes
 (/usr/local/texlive/2025/texmf-dist/tex/latex/pgf/frontendlayer/tikz.sty (/usr/local/texlive/2025/texmf-dist/tex/latex/pgf/basiclayer/pgf.sty (/usr/local/texlive/2025/texmf-dist/tex/latex/pgf/utilities/pgfrcs.sty (/usr/local/texlive/2025/texmf-dist/tex/generic/pgf/utilities/pgfutil-common.tex
\pgfutil@everybye=\toks36
\pgfutil@tempdima=\dimen256
\pgfutil@tempdimb=\dimen257
) (/usr/local/texlive/2025/texmf-dist/tex/generic/pgf/utilities/pgfutil-latex.def
\pgfutil@abb=\box57
) (/usr/local/texlive/2025/texmf-dist/tex/generic/pgf/utilities/pgfrcs.code.tex (/usr/local/texlive/2025/texmf-dist/tex/generic/pgf/pgf.revision.tex)
Package: pgfrcs 2023-01-15 v3.1.10 (3.1.10)
))
Package: pgf 2023-01-15 v3.1.10 (3.1.10)
 (/usr/local/texlive/2025/texmf-dist/tex/latex/pgf/basiclayer/pgfcore.sty (/usr/local/texlive/2025/texmf-dist/tex/latex/pgf/systemlayer/pgfsys.sty (/usr/local/texlive/2025/texmf-dist/tex/generic/pgf/systemlayer/pgfsys.code.tex
Package: pgfsys 2023-01-15 v3.1.10 (3.1.10)
 (/usr/local/texlive/2025/texmf-dist/tex/generic/pgf/utilities/pgfkeys.code.tex
\pgfkeys@pathtoks=\toks37
\pgfkeys@temptoks=\toks38
 (/usr/local/texlive/2025/texmf-dist/tex/generic/pgf/utilities/pgfkeyslibraryfiltered.code.tex
\pgfkeys@tmptoks=\toks39
))
\pgf@x=\dimen258
\pgf@y=\dimen259
\pgf@xa=\dimen260
\pgf@ya=\dimen261
\pgf@xb=\dimen262
\pgf@yb=\dimen263
\pgf@xc=\dimen264
\pgf@yc=\dimen265
\pgf@xd=\dimen266
\pgf@yd=\dimen267
\w@pgf@writea=\write3
\r@pgf@reada=\read3
\c@pgf@counta=\count306
\c@pgf@countb=\count307
\c@pgf@countc=\count308
\c@pgf@countd=\count309
\t@pgf@toka=\toks40
\t@pgf@tokb=\toks41
\t@pgf@tokc=\toks42
\pgf@sys@id@count=\count310
 (/usr/local/texlive/2025/texmf-dist/tex/generic/pgf/systemlayer/pgf.cfg
File: pgf.cfg 2023-01-15 v3.1.10 (3.1.10)
)
Driver file for pgf: pgfsys-pdftex.def
 (/usr/local/texlive/2025/texmf-dist/tex/generic/pgf/systemlayer/pgfsys-pdftex.def
File: pgfsys-pdftex.def 2023-01-15 v3.1.10 (3.1.10)
 (/usr/local/texlive/2025/texmf-dist/tex/generic/pgf/systemlayer/pgfsys-common-pdf.def
File: pgfsys-common-pdf.def 2023-01-15 v3.1.10 (3.1.10)
))) (/usr/local/texlive/2025/texmf-dist/tex/generic/pgf/systemlayer/pgfsyssoftpath.code.tex
File: pgfsyssoftpath.code.tex 2023-01-15 v3.1.10 (3.1.10)
\pgfsyssoftpath@smallbuffer@items=\count311
\pgfsyssoftpath@bigbuffer@items=\count312
) (/usr/local/texlive/2025/texmf-dist/tex/generic/pgf/systemlayer/pgfsysprotocol.code.tex
File: pgfsysprotocol.code.tex 2023-01-15 v3.1.10 (3.1.10)
)) (/usr/local/texlive/2025/texmf-dist/tex/generic/pgf/basiclayer/pgfcore.code.tex
Package: pgfcore 2023-01-15 v3.1.10 (3.1.10)
 (/usr/local/texlive/2025/texmf-dist/tex/generic/pgf/math/pgfmath.code.tex (/usr/local/texlive/2025/texmf-dist/tex/generic/pgf/math/pgfmathutil.code.tex) (/usr/local/texlive/2025/texmf-dist/tex/generic/pgf/math/pgfmathparser.code.tex
\pgfmath@dimen=\dimen268
\pgfmath@count=\count313
\pgfmath@box=\box58
\pgfmath@toks=\toks43
\pgfmath@stack@operand=\toks44
\pgfmath@stack@operation=\toks45
) (/usr/local/texlive/2025/texmf-dist/tex/generic/pgf/math/pgfmathfunctions.code.tex) (/usr/local/texlive/2025/texmf-dist/tex/generic/pgf/math/pgfmathfunctions.basic.code.tex) (/usr/local/texlive/2025/texmf-dist/tex/generic/pgf/math/pgfmathfunctions.trigonometric.code.tex) (/usr/local/texlive/2025/texmf-dist/tex/generic/pgf/math/pgfmathfunctions.random.code.tex) (/usr/local/texlive/2025/texmf-dist/tex/generic/pgf/math/pgfmathfunctions.comparison.code.tex) (/usr/local/texlive/2025/texmf-dist/tex/generic/pgf/math/pgfmathfunctions.base.code.tex) (/usr/local/texlive/2025/texmf-dist/tex/generic/pgf/math/pgfmathfunctions.round.code.tex) (/usr/local/texlive/2025/texmf-dist/tex/generic/pgf/math/pgfmathfunctions.misc.code.tex) (/usr/local/texlive/2025/texmf-dist/tex/generic/pgf/math/pgfmathfunctions.integerarithmetics.code.tex) (/usr/local/texlive/2025/texmf-dist/tex/generic/pgf/math/pgfmathcalc.code.tex) (/usr/local/texlive/2025/texmf-dist/tex/generic/pgf/math/pgfmathfloat.code.tex
\c@pgfmathroundto@lastzeros=\count314
)) (/usr/local/texlive/2025/texmf-dist/tex/generic/pgf/math/pgfint.code.tex) (/usr/local/texlive/2025/texmf-dist/tex/generic/pgf/basiclayer/pgfcorepoints.code.tex
File: pgfcorepoints.code.tex 2023-01-15 v3.1.10 (3.1.10)
\pgf@picminx=\dimen269
\pgf@picmaxx=\dimen270
\pgf@picminy=\dimen271
\pgf@picmaxy=\dimen272
\pgf@pathminx=\dimen273
\pgf@pathmaxx=\dimen274
\pgf@pathminy=\dimen275
\pgf@pathmaxy=\dimen276
\pgf@xx=\dimen277
\pgf@xy=\dimen278
\pgf@yx=\dimen279
\pgf@yy=\dimen280
\pgf@zx=\dimen281
\pgf@zy=\dimen282
) (/usr/local/texlive/2025/texmf-dist/tex/generic/pgf/basiclayer/pgfcorepathconstruct.code.tex
File: pgfcorepathconstruct.code.tex 2023-01-15 v3.1.10 (3.1.10)
\pgf@path@lastx=\dimen283
\pgf@path@lasty=\dimen284
) (/usr/local/texlive/2025/texmf-dist/tex/generic/pgf/basiclayer/pgfcorepathusage.code.tex
File: pgfcorepathusage.code.tex 2023-01-15 v3.1.10 (3.1.10)
\pgf@shorten@end@additional=\dimen285
\pgf@shorten@start@additional=\dimen286
) (/usr/local/texlive/2025/texmf-dist/tex/generic/pgf/basiclayer/pgfcorescopes.code.tex
File: pgfcorescopes.code.tex 2023-01-15 v3.1.10 (3.1.10)
\pgfpic=\box59
\pgf@hbox=\box60
\pgf@layerbox@main=\box61
\pgf@picture@serial@count=\count315
) (/usr/local/texlive/2025/texmf-dist/tex/generic/pgf/basiclayer/pgfcoregraphicstate.code.tex
File: pgfcoregraphicstate.code.tex 2023-01-15 v3.1.10 (3.1.10)
\pgflinewidth=\dimen287
) (/usr/local/texlive/2025/texmf-dist/tex/generic/pgf/basiclayer/pgfcoretransformations.code.tex
File: pgfcoretransformations.code.tex 2023-01-15 v3.1.10 (3.1.10)
\pgf@pt@x=\dimen288
\pgf@pt@y=\dimen289
\pgf@pt@temp=\dimen290
) (/usr/local/texlive/2025/texmf-dist/tex/generic/pgf/basiclayer/pgfcorequick.code.tex
File: pgfcorequick.code.tex 2023-01-15 v3.1.10 (3.1.10)
) (/usr/local/texlive/2025/texmf-dist/tex/generic/pgf/basiclayer/pgfcoreobjects.code.tex
File: pgfcoreobjects.code.tex 2023-01-15 v3.1.10 (3.1.10)
) (/usr/local/texlive/2025/texmf-dist/tex/generic/pgf/basiclayer/pgfcorepathprocessing.code.tex
File: pgfcorepathprocessing.code.tex 2023-01-15 v3.1.10 (3.1.10)
) (/usr/local/texlive/2025/texmf-dist/tex/generic/pgf/basiclayer/pgfcorearrows.code.tex
File: pgfcorearrows.code.tex 2023-01-15 v3.1.10 (3.1.10)
\pgfarrowsep=\dimen291
) (/usr/local/texlive/2025/texmf-dist/tex/generic/pgf/basiclayer/pgfcoreshade.code.tex
File: pgfcoreshade.code.tex 2023-01-15 v3.1.10 (3.1.10)
\pgf@max=\dimen292
\pgf@sys@shading@range@num=\count316
\pgf@shadingcount=\count317
) (/usr/local/texlive/2025/texmf-dist/tex/generic/pgf/basiclayer/pgfcoreimage.code.tex
File: pgfcoreimage.code.tex 2023-01-15 v3.1.10 (3.1.10)
) (/usr/local/texlive/2025/texmf-dist/tex/generic/pgf/basiclayer/pgfcoreexternal.code.tex
File: pgfcoreexternal.code.tex 2023-01-15 v3.1.10 (3.1.10)
\pgfexternal@startupbox=\box62
) (/usr/local/texlive/2025/texmf-dist/tex/generic/pgf/basiclayer/pgfcorelayers.code.tex
File: pgfcorelayers.code.tex 2023-01-15 v3.1.10 (3.1.10)
) (/usr/local/texlive/2025/texmf-dist/tex/generic/pgf/basiclayer/pgfcoretransparency.code.tex
File: pgfcoretransparency.code.tex 2023-01-15 v3.1.10 (3.1.10)
) (/usr/local/texlive/2025/texmf-dist/tex/generic/pgf/basiclayer/pgfcorepatterns.code.tex
File: pgfcorepatterns.code.tex 2023-01-15 v3.1.10 (3.1.10)
) (/usr/local/texlive/2025/texmf-dist/tex/generic/pgf/basiclayer/pgfcorerdf.code.tex
File: pgfcorerdf.code.tex 2023-01-15 v3.1.10 (3.1.10)
))) (/usr/local/texlive/2025/texmf-dist/tex/generic/pgf/modules/pgfmoduleshapes.code.tex
File: pgfmoduleshapes.code.tex 2023-01-15 v3.1.10 (3.1.10)
\pgfnodeparttextbox=\box63
) (/usr/local/texlive/2025/texmf-dist/tex/generic/pgf/modules/pgfmoduleplot.code.tex
File: pgfmoduleplot.code.tex 2023-01-15 v3.1.10 (3.1.10)
) (/usr/local/texlive/2025/texmf-dist/tex/latex/pgf/compatibility/pgfcomp-version-0-65.sty
Package: pgfcomp-version-0-65 2023-01-15 v3.1.10 (3.1.10)
\pgf@nodesepstart=\dimen293
\pgf@nodesepend=\dimen294
) (/usr/local/texlive/2025/texmf-dist/tex/latex/pgf/compatibility/pgfcomp-version-1-18.sty
Package: pgfcomp-version-1-18 2023-01-15 v3.1.10 (3.1.10)
)) (/usr/local/texlive/2025/texmf-dist/tex/latex/pgf/utilities/pgffor.sty (/usr/local/texlive/2025/texmf-dist/tex/latex/pgf/utilities/pgfkeys.sty (/usr/local/texlive/2025/texmf-dist/tex/generic/pgf/utilities/pgfkeys.code.tex)) (/usr/local/texlive/2025/texmf-dist/tex/latex/pgf/math/pgfmath.sty (/usr/local/texlive/2025/texmf-dist/tex/generic/pgf/math/pgfmath.code.tex)) (/usr/local/texlive/2025/texmf-dist/tex/generic/pgf/utilities/pgffor.code.tex
Package: pgffor 2023-01-15 v3.1.10 (3.1.10)
\pgffor@iter=\dimen295
\pgffor@skip=\dimen296
\pgffor@stack=\toks46
\pgffor@toks=\toks47
)) (/usr/local/texlive/2025/texmf-dist/tex/generic/pgf/frontendlayer/tikz/tikz.code.tex
Package: tikz 2023-01-15 v3.1.10 (3.1.10)
 (/usr/local/texlive/2025/texmf-dist/tex/generic/pgf/libraries/pgflibraryplothandlers.code.tex
File: pgflibraryplothandlers.code.tex 2023-01-15 v3.1.10 (3.1.10)
\pgf@plot@mark@count=\count318
\pgfplotmarksize=\dimen297
)
\tikz@lastx=\dimen298
\tikz@lasty=\dimen299
\tikz@lastxsaved=\dimen300
\tikz@lastysaved=\dimen301
\tikz@lastmovetox=\dimen302
\tikz@lastmovetoy=\dimen303
\tikzleveldistance=\dimen304
\tikzsiblingdistance=\dimen305
\tikz@figbox=\box64
\tikz@figbox@bg=\box65
\tikz@tempbox=\box66
\tikz@tempbox@bg=\box67
\tikztreelevel=\count319
\tikznumberofchildren=\count320
\tikznumberofcurrentchild=\count321
\tikz@fig@count=\count322
 (/usr/local/texlive/2025/texmf-dist/tex/generic/pgf/modules/pgfmodulematrix.code.tex
File: pgfmodulematrix.code.tex 2023-01-15 v3.1.10 (3.1.10)
\pgfmatrixcurrentrow=\count323
\pgfmatrixcurrentcolumn=\count324
\pgf@matrix@numberofcolumns=\count325
)
\tikz@expandcount=\count326
 (/usr/local/texlive/2025/texmf-dist/tex/generic/pgf/frontendlayer/tikz/libraries/tikzlibrarytopaths.code.tex
File: tikzlibrarytopaths.code.tex 2023-01-15 v3.1.10 (3.1.10)
))) (/usr/local/texlive/2025/texmf-dist/tex/latex/tools/verbatim.sty
Package: verbatim 2024-01-22 v1.5x LaTeX2e package for verbatim enhancements
\every@verbatim=\toks48
\verbatim@line=\toks49
\verbatim@in@stream=\read4
) (/usr/local/texlive/2025/texmf-dist/tex/latex/environ/environ.sty
Package: environ 2014/05/04 v0.3 A new way to define environments
 (/usr/local/texlive/2025/texmf-dist/tex/latex/trimspaces/trimspaces.sty
Package: trimspaces 2009/09/17 v1.1 Trim spaces around a token list
)) (/usr/local/texlive/2025/texmf-dist/tex/latex/etoolbox/etoolbox.sty
Package: etoolbox 2025/02/11 v2.5l e-TeX tools for LaTeX (JAW)
\etb@tempcnta=\count327
)
\tcb@titlebox=\box68
\tcb@upperbox=\box69
\tcb@lowerbox=\box70
\tcb@phantombox=\box71
\c@tcbbreakpart=\count328
\c@tcblayer=\count329
\c@tcolorbox@number=\count330
\l__tcobox_tmpa_box=\box72
\l__tcobox_tmpa_dim=\dimen306
\tcb@temp=\box73
\tcb@temp=\box74
\tcb@temp=\box75
\tcb@temp=\box76
) (/usr/local/texlive/2025/texmf-dist/tex/latex/tcolorbox/tcbtheorems.code.tex
Library (tcolorbox): 'tcbtheorems.code.tex' version '6.4.1'
) (/usr/local/texlive/2025/texmf-dist/tex/latex/tcolorbox/tcbbreakable.code.tex
Library (tcolorbox): 'tcbbreakable.code.tex' version '6.4.1'
(/usr/local/texlive/2025/texmf-dist/tex/latex/pdfcol/pdfcol.sty
Package: pdfcol 2022-09-21 v1.7 Handle new color stacks for pdfTeX (HO)
 (/usr/local/texlive/2025/texmf-dist/tex/generic/ltxcmds/ltxcmds.sty
Package: ltxcmds 2023-12-04 v1.26 LaTeX kernel commands for general use (HO)
) (/usr/local/texlive/2025/texmf-dist/tex/generic/infwarerr/infwarerr.sty
Package: infwarerr 2019/12/03 v1.5 Providing info/warning/error messages (HO)
))
Package pdfcol Info: New color stack `tcb@breakable' = 1 on input line 23.
\tcb@testbox=\box77
\tcb@totalupperbox=\box78
\tcb@totallowerbox=\box79
) (/usr/local/texlive/2025/texmf-dist/tex/latex/tcolorbox/tcbskins.code.tex
Library (tcolorbox): 'tcbskins.code.tex' version '6.4.1'
(/usr/local/texlive/2025/texmf-dist/tex/latex/tikzfill/tikzfill.image.sty
Package: tikzfill.image 2023/08/08 v1.0.1 Image filling library for TikZ
 (/usr/local/texlive/2025/texmf-dist/tex/latex/tikzfill/tikzfill-common.sty
Package: tikzfill-common 2023/08/08 v1.0.1 Auxiliary code for tikzfill
) (/usr/local/texlive/2025/texmf-dist/tex/latex/tikzfill/tikzlibraryfill.image.code.tex
File: tikzlibraryfill.image.code.tex 2023/08/08 v1.0.1 Image filling library
\l__tikzfill_img_box=\box80
)) (/usr/local/texlive/2025/texmf-dist/tex/latex/tcolorbox/tcbskinsjigsaw.code.tex
Library (tcolorbox): 'tcbskinsjigsaw.code.tex' version '6.4.1'
)) (/usr/local/texlive/2025/texmf-dist/tex/latex/hyperref/hyperref.sty
Package: hyperref 2024-11-05 v7.01l Hypertext links for LaTeX
 (/usr/local/texlive/2025/texmf-dist/tex/latex/kvsetkeys/kvsetkeys.sty
Package: kvsetkeys 2022-10-05 v1.19 Key value parser (HO)
) (/usr/local/texlive/2025/texmf-dist/tex/generic/kvdefinekeys/kvdefinekeys.sty
Package: kvdefinekeys 2019-12-19 v1.6 Define keys (HO)
) (/usr/local/texlive/2025/texmf-dist/tex/generic/pdfescape/pdfescape.sty
Package: pdfescape 2019/12/09 v1.15 Implements pdfTeX's escape features (HO)
 (/usr/local/texlive/2025/texmf-dist/tex/generic/pdftexcmds/pdftexcmds.sty
Package: pdftexcmds 2020-06-27 v0.33 Utility functions of pdfTeX for LuaTeX (HO)
Package pdftexcmds Info: \pdf@primitive is available.
Package pdftexcmds Info: \pdf@ifprimitive is available.
Package pdftexcmds Info: \pdfdraftmode found.
)) (/usr/local/texlive/2025/texmf-dist/tex/latex/hycolor/hycolor.sty
Package: hycolor 2020-01-27 v1.10 Color options for hyperref/bookmark (HO)
) (/usr/local/texlive/2025/texmf-dist/tex/latex/hyperref/nameref.sty
Package: nameref 2023-11-26 v2.56 Cross-referencing by name of section
 (/usr/local/texlive/2025/texmf-dist/tex/latex/refcount/refcount.sty
Package: refcount 2019/12/15 v3.6 Data extraction from label references (HO)
) (/usr/local/texlive/2025/texmf-dist/tex/generic/gettitlestring/gettitlestring.sty
Package: gettitlestring 2019/12/15 v1.6 Cleanup title references (HO)
 (/usr/local/texlive/2025/texmf-dist/tex/latex/kvoptions/kvoptions.sty
Package: kvoptions 2022-06-15 v3.15 Key value format for package options (HO)
))
\c@section@level=\count331
) (/usr/local/texlive/2025/texmf-dist/tex/generic/stringenc/stringenc.sty
Package: stringenc 2019/11/29 v1.12 Convert strings between diff. encodings (HO)
)
\@linkdim=\dimen307
\Hy@linkcounter=\count332
\Hy@pagecounter=\count333
 (/usr/local/texlive/2025/texmf-dist/tex/latex/hyperref/pd1enc.def
File: pd1enc.def 2024-11-05 v7.01l Hyperref: PDFDocEncoding definition (HO)
Now handling font encoding PD1 ...
... no UTF-8 mapping file for font encoding PD1
) (/usr/local/texlive/2025/texmf-dist/tex/generic/intcalc/intcalc.sty
Package: intcalc 2019/12/15 v1.3 Expandable calculations with integers (HO)
)
\Hy@SavedSpaceFactor=\count334
 (/usr/local/texlive/2025/texmf-dist/tex/latex/hyperref/puenc.def
File: puenc.def 2024-11-05 v7.01l Hyperref: PDF Unicode definition (HO)
Now handling font encoding PU ...
... no UTF-8 mapping file for font encoding PU
)
Package hyperref Info: Hyper figures OFF on input line 4157.
Package hyperref Info: Link nesting OFF on input line 4162.
Package hyperref Info: Hyper index ON on input line 4165.
Package hyperref Info: Plain pages OFF on input line 4172.
Package hyperref Info: Backreferencing OFF on input line 4177.
Package hyperref Info: Implicit mode ON; LaTeX internals redefined.
Package hyperref Info: Bookmarks ON on input line 4424.
\c@Hy@tempcnt=\count335
 (/usr/local/texlive/2025/texmf-dist/tex/latex/url/url.sty
\Urlmuskip=\muskip18
Package: url 2013/09/16  ver 3.4  Verb mode for urls, etc.
)
LaTeX Info: Redefining \url on input line 4763.
\XeTeXLinkMargin=\dimen308
 (/usr/local/texlive/2025/texmf-dist/tex/generic/bitset/bitset.sty
Package: bitset 2019/12/09 v1.3 Handle bit-vector datatype (HO)
 (/usr/local/texlive/2025/texmf-dist/tex/generic/bigintcalc/bigintcalc.sty
Package: bigintcalc 2019/12/15 v1.5 Expandable calculations on big integers (HO)
))
\Fld@menulength=\count336
\Field@Width=\dimen309
\Fld@charsize=\dimen310
Package hyperref Info: Hyper figures OFF on input line 6042.
Package hyperref Info: Link nesting OFF on input line 6047.
Package hyperref Info: Hyper index ON on input line 6050.
Package hyperref Info: backreferencing OFF on input line 6057.
Package hyperref Info: Link coloring OFF on input line 6062.
Package hyperref Info: Link coloring with OCG OFF on input line 6067.
Package hyperref Info: PDF/A mode OFF on input line 6072.
 (/usr/local/texlive/2025/texmf-dist/tex/latex/base/atbegshi-ltx.sty
Package: atbegshi-ltx 2021/01/10 v1.0c Emulation of the original atbegshi
package with kernel methods
)
\Hy@abspage=\count337
\c@Item=\count338
\c@Hfootnote=\count339
)
Package hyperref Info: Driver (autodetected): hpdftex.
 (/usr/local/texlive/2025/texmf-dist/tex/latex/hyperref/hpdftex.def
File: hpdftex.def 2024-11-05 v7.01l Hyperref driver for pdfTeX
 (/usr/local/texlive/2025/texmf-dist/tex/latex/base/atveryend-ltx.sty
Package: atveryend-ltx 2020/08/19 v1.0a Emulation of the original atveryend package
with kernel methods
)
\Fld@listcount=\count340
\c@bookmark@seq@number=\count341
 (/usr/local/texlive/2025/texmf-dist/tex/latex/rerunfilecheck/rerunfilecheck.sty
Package: rerunfilecheck 2022-07-10 v1.10 Rerun checks for auxiliary files (HO)
 (/usr/local/texlive/2025/texmf-dist/tex/generic/uniquecounter/uniquecounter.sty
Package: uniquecounter 2019/12/15 v1.4 Provide unlimited unique counter (HO)
)
Package uniquecounter Info: New unique counter `rerunfilecheck' on input line 285.
)
\Hy@SectionHShift=\skip109
)
\c@cdef=\count342
\c@cprop=\count343
\c@cthm=\count344
\c@chyp=\count345
\c@cres=\count346
Package hyperref Info: Option `colorlinks' set `true' on input line 168.
 (/usr/local/texlive/2025/texmf-dist/tex/latex/l3backend/l3backend-pdftex.def
File: l3backend-pdftex.def 2024-05-08 L3 backend support: PDF output (pdfTeX)
\l__color_backend_stack_int=\count347
\l__pdf_internal_box=\box81
) (./main.aux

LaTeX Warning: Label `res:subopt_step' multiply defined.


LaTeX Warning: Label `eq:subopt_step' multiply defined.

)
\openout1 = `main.aux'.

LaTeX Font Info:    Checking defaults for OML/cmm/m/it on input line 188.
LaTeX Font Info:    ... okay on input line 188.
LaTeX Font Info:    Checking defaults for OMS/cmsy/m/n on input line 188.
LaTeX Font Info:    ... okay on input line 188.
LaTeX Font Info:    Checking defaults for OT1/cmr/m/n on input line 188.
LaTeX Font Info:    ... okay on input line 188.
LaTeX Font Info:    Checking defaults for T1/cmr/m/n on input line 188.
LaTeX Font Info:    ... okay on input line 188.
LaTeX Font Info:    Checking defaults for TS1/cmr/m/n on input line 188.
LaTeX Font Info:    ... okay on input line 188.
LaTeX Font Info:    Checking defaults for OMX/cmex/m/n on input line 188.
LaTeX Font Info:    ... okay on input line 188.
LaTeX Font Info:    Checking defaults for U/cmr/m/n on input line 188.
LaTeX Font Info:    ... okay on input line 188.
LaTeX Font Info:    Checking defaults for PD1/pdf/m/n on input line 188.
LaTeX Font Info:    ... okay on input line 188.
LaTeX Font Info:    Checking defaults for PU/pdf/m/n on input line 188.
LaTeX Font Info:    ... okay on input line 188.
LaTeX Info: Redefining \degres on input line 188.
Package french.ldf Info: Setting StandardItemizeEnv=true for
(french.ldf)             compatibility with enumitem package,
(french.ldf)             reported on input line 188.
Package french.ldf Info: Setting StandardEnumerateEnv=true for
(french.ldf)             compatibility with enumitem package,
(french.ldf)             reported on input line 188.
LaTeX Info: Redefining \up on input line 188.
 (/usr/local/texlive/2025/texmf-dist/tex/context/base/mkii/supp-pdf.mkii
[Loading MPS to PDF converter (version 2006.09.02).]
\scratchcounter=\count348
\scratchdimen=\dimen311
\scratchbox=\box82
\nofMPsegments=\count349
\nofMParguments=\count350
\everyMPshowfont=\toks50
\MPscratchCnt=\count351
\MPscratchDim=\dimen312
\MPnumerator=\count352
\makeMPintoPDFobject=\count353
\everyMPtoPDFconversion=\toks51
) (/usr/local/texlive/2025/texmf-dist/tex/latex/epstopdf-pkg/epstopdf-base.sty
Package: epstopdf-base 2020-01-24 v2.11 Base part for package epstopdf
Package epstopdf-base Info: Redefining graphics rule for `.eps' on input line 485.
 (/usr/local/texlive/2025/texmf-dist/tex/latex/latexconfig/epstopdf-sys.cfg
File: epstopdf-sys.cfg 2010/07/13 v1.3 Configuration of (r)epstopdf for TeX Live
))
*geometry* driver: auto-detecting
*geometry* detected driver: pdftex
*geometry* verbose mode - [ preamble ] result:
* driver: pdftex
* paper: a4paper
* layout: <same size as paper>
* layoutoffset:(h,v)=(0.0pt,0.0pt)
* modes: includehead includefoot 
* h-part:(L,W,R)=(56.9055pt, 483.69687pt, 56.9055pt)
* v-part:(T,H,B)=(56.9055pt, 731.23584pt, 56.9055pt)
* \paperwidth=597.50787pt
* \paperheight=845.04684pt
* \textwidth=483.69687pt
* \textheight=640.13824pt
* \oddsidemargin=-15.36449pt
* \evensidemargin=-15.36449pt
* \topmargin=-15.36449pt
* \headheight=36.0976pt
* \headsep=25.0pt
* \topskip=12.0pt
* \footskip=30.0pt
* \marginparwidth=44.0pt
* \marginparsep=10.0pt
* \columnsep=10.0pt
* \skip\footins=10.8pt plus 4.0pt minus 2.0pt
* \hoffset=0.0pt
* \voffset=0.0pt
* \mag=1000
* \@twocolumnfalse
* \@twosidefalse
* \@mparswitchfalse
* \@reversemarginfalse
* (1in=72.27pt=25.4mm, 1cm=28.453pt)

Package hyperref Info: Link coloring ON on input line 188.
(./main.out) (./main.out)
\@outlinefile=\write4
\openout4 = `main.out'.

<Logo_ENS_leger(1).jpg, id=264, 862.22125pt x 484.81125pt>
File: Logo_ENS_leger(1).jpg Graphic file (type jpg)
<use Logo_ENS_leger(1).jpg>
Package pdftex.def Info: Logo_ENS_leger(1).jpg  used on input line 198.
(pdftex.def)             Requested size: 116.0899pt x 65.26915pt.
LaTeX Font Info:    Trying to load font information for U+msa on input line 199.
 (/usr/local/texlive/2025/texmf-dist/tex/latex/amsfonts/umsa.fd
File: umsa.fd 2013/01/14 v3.01 AMS symbols A
)
LaTeX Font Info:    Trying to load font information for U+msb on input line 199.
 (/usr/local/texlive/2025/texmf-dist/tex/latex/amsfonts/umsb.fd
File: umsb.fd 2013/01/14 v3.01 AMS symbols B
)
<logo_univPS.png, id=265, 382.42876pt x 132.495pt>
File: logo_univPS.png Graphic file (type png)
<use logo_univPS.png>
Package pdftex.def Info: logo_univPS.png  used on input line 201.
(pdftex.def)             Requested size: 116.0899pt x 40.21985pt.
<logo_satie.png, id=266, 28.54665pt x 18.7902pt>
File: logo_satie.png Graphic file (type png)
<use logo_satie.png>
Package pdftex.def Info: logo_satie.png  used on input line 204.
(pdftex.def)             Requested size: 81.26257pt x 53.50328pt.
<logo_cnrs.png, id=268, 963.6pt x 963.6pt>
File: logo_cnrs.png Graphic file (type png)
<use logo_cnrs.png>
Package pdftex.def Info: logo_cnrs.png  used on input line 207.
(pdftex.def)             Requested size: 81.26257pt x 81.25061pt.


[1

{/usr/local/texlive/2025/texmf-var/fonts/map/pdftex/updmap/pdftex.map}{/usr/local/texlive/2025/texmf-dist/fonts/enc/dvips/cm-super/cm-super-t1.enc} <./Logo_ENS_leger(1).jpg> <./logo_univPS.png> <./logo_satie.png> <./logo_cnrs.png>] (./main.toc
Overfull \hbox (29.95522pt too wide) in paragraph at lines 2--2
[][] [][]  
 []


Overfull \hbox (29.95522pt too wide) in paragraph at lines 33--33
[][] [][]  
 []



<satie-cnrs.png, id=353, 592.2125pt x 239.89626pt>
File: satie-cnrs.png Graphic file (type png)
<use satie-cnrs.png>
Package pdftex.def Info: satie-cnrs.png  used on input line 35.
(pdftex.def)             Requested size: 93.89418pt x 38.03276pt.
<images.png, id=354, 692.5875pt x 309.155pt>
File: images.png Graphic file (type png)
<use images.png>
Package pdftex.def Info: images.png  used on input line 35.
(pdftex.def)             Requested size: 71.13188pt x 31.74756pt.

Package fancyhdr Warning: \headheight is too small (36.0976pt): 
(fancyhdr)                Make it at least 42.3828pt, for example:
(fancyhdr)                \setlength{\headheight}{42.3828pt}.
(fancyhdr)                You might also make \topmargin smaller:
(fancyhdr)                \addtolength{\topmargin}{-6.2852pt}.

[2 <./satie-cnrs.png> <./images.png>])
\tf@toc=\write5
\openout5 = `main.toc'.



File: satie-cnrs.png Graphic file (type png)
<use satie-cnrs.png>
Package pdftex.def Info: satie-cnrs.png  used on input line 270.
(pdftex.def)             Requested size: 93.89418pt x 38.03276pt.
File: images.png Graphic file (type png)
<use images.png>
Package pdftex.def Info: images.png  used on input line 270.
(pdftex.def)             Requested size: 71.13188pt x 31.74756pt.

Package fancyhdr Warning: \headheight is too small (36.0976pt): 
(fancyhdr)                Make it at least 42.3828pt, for example:
(fancyhdr)                \setlength{\headheight}{42.3828pt}.
(fancyhdr)                You might also make \topmargin smaller:
(fancyhdr)                \addtolength{\topmargin}{-6.2852pt}.

[3]

File: satie-cnrs.png Graphic file (type png)
<use satie-cnrs.png>
Package pdftex.def Info: satie-cnrs.png  used on input line 309.
(pdftex.def)             Requested size: 93.89418pt x 38.03276pt.
File: images.png Graphic file (type png)
<use images.png>
Package pdftex.def Info: images.png  used on input line 309.
(pdftex.def)             Requested size: 71.13188pt x 31.74756pt.

Package fancyhdr Warning: \headheight is too small (36.0976pt): 
(fancyhdr)                Make it at least 42.3828pt, for example:
(fancyhdr)                \setlength{\headheight}{42.3828pt}.
(fancyhdr)                You might also make \topmargin smaller:
(fancyhdr)                \addtolength{\topmargin}{-6.2852pt}.

[4]

File: satie-cnrs.png Graphic file (type png)
<use satie-cnrs.png>
Package pdftex.def Info: satie-cnrs.png  used on input line 345.
(pdftex.def)             Requested size: 93.89418pt x 38.03276pt.
File: images.png Graphic file (type png)
<use images.png>
Package pdftex.def Info: images.png  used on input line 345.
(pdftex.def)             Requested size: 71.13188pt x 31.74756pt.

Package fancyhdr Warning: \headheight is too small (36.0976pt): 
(fancyhdr)                Make it at least 42.3828pt, for example:
(fancyhdr)                \setlength{\headheight}{42.3828pt}.
(fancyhdr)                You might also make \topmargin smaller:
(fancyhdr)                \addtolength{\topmargin}{-6.2852pt}.

[5]

File: satie-cnrs.png Graphic file (type png)
<use satie-cnrs.png>
Package pdftex.def Info: satie-cnrs.png  used on input line 399.
(pdftex.def)             Requested size: 93.89418pt x 38.03276pt.
File: images.png Graphic file (type png)
<use images.png>
Package pdftex.def Info: images.png  used on input line 399.
(pdftex.def)             Requested size: 71.13188pt x 31.74756pt.

Package fancyhdr Warning: \headheight is too small (36.0976pt): 
(fancyhdr)                Make it at least 42.3828pt, for example:
(fancyhdr)                \setlength{\headheight}{42.3828pt}.
(fancyhdr)                You might also make \topmargin smaller:
(fancyhdr)                \addtolength{\topmargin}{-6.2852pt}.

[6]

File: satie-cnrs.png Graphic file (type png)
<use satie-cnrs.png>
Package pdftex.def Info: satie-cnrs.png  used on input line 453.
(pdftex.def)             Requested size: 93.89418pt x 38.03276pt.
File: images.png Graphic file (type png)
<use images.png>
Package pdftex.def Info: images.png  used on input line 453.
(pdftex.def)             Requested size: 71.13188pt x 31.74756pt.

Package fancyhdr Warning: \headheight is too small (36.0976pt): 
(fancyhdr)                Make it at least 42.3828pt, for example:
(fancyhdr)                \setlength{\headheight}{42.3828pt}.
(fancyhdr)                You might also make \topmargin smaller:
(fancyhdr)                \addtolength{\topmargin}{-6.2852pt}.

[7]

Package tcolorbox Warning: Using nobreak failed. Try to enlarge `lines before break' or set page breaks manually on input line 453.


Overfull \hbox (12.63579pt too wide) in paragraph at lines 505--506
[]\T1/cmr/bx/n/12 Étape 5 : iden-ti-fi-ca-tion et vé-ri-fi-ca-tion. \T1/cmr/m/n/12 Par la Pro-po-si-tion [][]II.3.2[][] : $\OML/cmm/m/it/12 X[] \OMS/cmsy/m/n/12 j \OML/cmm/m/it/12 X[] \OMS/cmsy/m/n/12 ^^X N\OT1/cmr/m/n/12 (\OML/cmm/m/it/12 e[]X[];  \OT1/cmr/m/n/12 (1 \OMS/cmsy/m/n/12 ^^@
 []



File: satie-cnrs.png Graphic file (type png)
<use satie-cnrs.png>
Package pdftex.def Info: satie-cnrs.png  used on input line 507.
(pdftex.def)             Requested size: 93.89418pt x 38.03276pt.
File: images.png Graphic file (type png)
<use images.png>
Package pdftex.def Info: images.png  used on input line 507.
(pdftex.def)             Requested size: 71.13188pt x 31.74756pt.

Package fancyhdr Warning: \headheight is too small (36.0976pt): 
(fancyhdr)                Make it at least 42.3828pt, for example:
(fancyhdr)                \setlength{\headheight}{42.3828pt}.
(fancyhdr)                You might also make \topmargin smaller:
(fancyhdr)                \addtolength{\topmargin}{-6.2852pt}.

[8]

File: satie-cnrs.png Graphic file (type png)
<use satie-cnrs.png>
Package pdftex.def Info: satie-cnrs.png  used on input line 570.
(pdftex.def)             Requested size: 93.89418pt x 38.03276pt.
File: images.png Graphic file (type png)
<use images.png>
Package pdftex.def Info: images.png  used on input line 570.
(pdftex.def)             Requested size: 71.13188pt x 31.74756pt.

Package fancyhdr Warning: \headheight is too small (36.0976pt): 
(fancyhdr)                Make it at least 42.3828pt, for example:
(fancyhdr)                \setlength{\headheight}{42.3828pt}.
(fancyhdr)                You might also make \topmargin smaller:
(fancyhdr)                \addtolength{\topmargin}{-6.2852pt}.

[9]

File: satie-cnrs.png Graphic file (type png)
<use satie-cnrs.png>
Package pdftex.def Info: satie-cnrs.png  used on input line 622.
(pdftex.def)             Requested size: 93.89418pt x 38.03276pt.
File: images.png Graphic file (type png)
<use images.png>
Package pdftex.def Info: images.png  used on input line 622.
(pdftex.def)             Requested size: 71.13188pt x 31.74756pt.

Package fancyhdr Warning: \headheight is too small (36.0976pt): 
(fancyhdr)                Make it at least 42.3828pt, for example:
(fancyhdr)                \setlength{\headheight}{42.3828pt}.
(fancyhdr)                You might also make \topmargin smaller:
(fancyhdr)                \addtolength{\topmargin}{-6.2852pt}.

[10]

File: satie-cnrs.png Graphic file (type png)
<use satie-cnrs.png>
Package pdftex.def Info: satie-cnrs.png  used on input line 677.
(pdftex.def)             Requested size: 93.89418pt x 38.03276pt.
File: images.png Graphic file (type png)
<use images.png>
Package pdftex.def Info: images.png  used on input line 677.
(pdftex.def)             Requested size: 71.13188pt x 31.74756pt.

Package fancyhdr Warning: \headheight is too small (36.0976pt): 
(fancyhdr)                Make it at least 42.3828pt, for example:
(fancyhdr)                \setlength{\headheight}{42.3828pt}.
(fancyhdr)                You might also make \topmargin smaller:
(fancyhdr)                \addtolength{\topmargin}{-6.2852pt}.

[11]

Package tcolorbox Warning: Using nobreak failed. Try to enlarge `lines before break' or set page breaks manually on input line 677.



File: satie-cnrs.png Graphic file (type png)
<use satie-cnrs.png>
Package pdftex.def Info: satie-cnrs.png  used on input line 728.
(pdftex.def)             Requested size: 93.89418pt x 38.03276pt.
File: images.png Graphic file (type png)
<use images.png>
Package pdftex.def Info: images.png  used on input line 728.
(pdftex.def)             Requested size: 71.13188pt x 31.74756pt.

Package fancyhdr Warning: \headheight is too small (36.0976pt): 
(fancyhdr)                Make it at least 42.3828pt, for example:
(fancyhdr)                \setlength{\headheight}{42.3828pt}.
(fancyhdr)                You might also make \topmargin smaller:
(fancyhdr)                \addtolength{\topmargin}{-6.2852pt}.

[12]
<figure/Schema_Forward_MD.png, id=542, 804.00375pt x 600.2425pt>
File: figure/Schema_Forward_MD.png Graphic file (type png)
<use figure/Schema_Forward_MD.png>
Package pdftex.def Info: figure/Schema_Forward_MD.png  used on input line 744.
(pdftex.def)             Requested size: 483.69687pt x 361.10997pt.


LaTeX Warning: `!h' float specifier changed to `!ht'.



File: satie-cnrs.png Graphic file (type png)
<use satie-cnrs.png>
Package pdftex.def Info: satie-cnrs.png  used on input line 778.
(pdftex.def)             Requested size: 93.89418pt x 38.03276pt.
File: images.png Graphic file (type png)
<use images.png>
Package pdftex.def Info: images.png  used on input line 778.
(pdftex.def)             Requested size: 71.13188pt x 31.74756pt.

Package fancyhdr Warning: \headheight is too small (36.0976pt): 
(fancyhdr)                Make it at least 42.3828pt, for example:
(fancyhdr)                \setlength{\headheight}{42.3828pt}.
(fancyhdr)                You might also make \topmargin smaller:
(fancyhdr)                \addtolength{\topmargin}{-6.2852pt}.

[13]

File: satie-cnrs.png Graphic file (type png)
<use satie-cnrs.png>
Package pdftex.def Info: satie-cnrs.png  used on input line 787.
(pdftex.def)             Requested size: 93.89418pt x 38.03276pt.
File: images.png Graphic file (type png)
<use images.png>
Package pdftex.def Info: images.png  used on input line 787.
(pdftex.def)             Requested size: 71.13188pt x 31.74756pt.

Package fancyhdr Warning: \headheight is too small (36.0976pt): 
(fancyhdr)                Make it at least 42.3828pt, for example:
(fancyhdr)                \setlength{\headheight}{42.3828pt}.
(fancyhdr)                You might also make \topmargin smaller:
(fancyhdr)                \addtolength{\topmargin}{-6.2852pt}.

[14 <./figure/Schema_Forward_MD.png>]

File: satie-cnrs.png Graphic file (type png)
<use satie-cnrs.png>
Package pdftex.def Info: satie-cnrs.png  used on input line 828.
(pdftex.def)             Requested size: 93.89418pt x 38.03276pt.
File: images.png Graphic file (type png)
<use images.png>
Package pdftex.def Info: images.png  used on input line 828.
(pdftex.def)             Requested size: 71.13188pt x 31.74756pt.

Package fancyhdr Warning: \headheight is too small (36.0976pt): 
(fancyhdr)                Make it at least 42.3828pt, for example:
(fancyhdr)                \setlength{\headheight}{42.3828pt}.
(fancyhdr)                You might also make \topmargin smaller:
(fancyhdr)                \addtolength{\topmargin}{-6.2852pt}.

[15]

File: satie-cnrs.png Graphic file (type png)
<use satie-cnrs.png>
Package pdftex.def Info: satie-cnrs.png  used on input line 888.
(pdftex.def)             Requested size: 93.89418pt x 38.03276pt.
File: images.png Graphic file (type png)
<use images.png>
Package pdftex.def Info: images.png  used on input line 888.
(pdftex.def)             Requested size: 71.13188pt x 31.74756pt.

Package fancyhdr Warning: \headheight is too small (36.0976pt): 
(fancyhdr)                Make it at least 42.3828pt, for example:
(fancyhdr)                \setlength{\headheight}{42.3828pt}.
(fancyhdr)                You might also make \topmargin smaller:
(fancyhdr)                \addtolength{\topmargin}{-6.2852pt}.

[16]

Package hyperref Warning: Token not allowed in a PDF string (Unicode):
(hyperref)                removing `math shift' on input line 905.


Package hyperref Warning: Token not allowed in a PDF string (Unicode):
(hyperref)                removing `\Pi' on input line 905.


Package hyperref Warning: Token not allowed in a PDF string (Unicode):
(hyperref)                removing `math shift' on input line 905.



File: satie-cnrs.png Graphic file (type png)
<use satie-cnrs.png>
Package pdftex.def Info: satie-cnrs.png  used on input line 948.
(pdftex.def)             Requested size: 93.89418pt x 38.03276pt.
File: images.png Graphic file (type png)
<use images.png>
Package pdftex.def Info: images.png  used on input line 948.
(pdftex.def)             Requested size: 71.13188pt x 31.74756pt.

Package fancyhdr Warning: \headheight is too small (36.0976pt): 
(fancyhdr)                Make it at least 42.3828pt, for example:
(fancyhdr)                \setlength{\headheight}{42.3828pt}.
(fancyhdr)                You might also make \topmargin smaller:
(fancyhdr)                \addtolength{\topmargin}{-6.2852pt}.

[17]
<figure/Schema_Reverse_MD.png, id=598, 731.73375pt x 749.80125pt>
File: figure/Schema_Reverse_MD.png Graphic file (type png)
<use figure/Schema_Reverse_MD.png>
Package pdftex.def Info: figure/Schema_Reverse_MD.png  used on input line 963.
(pdftex.def)             Requested size: 469.18654pt x 480.77501pt.


LaTeX Warning: `!h' float specifier changed to `!ht'.



File: satie-cnrs.png Graphic file (type png)
<use satie-cnrs.png>
Package pdftex.def Info: satie-cnrs.png  used on input line 969.
(pdftex.def)             Requested size: 93.89418pt x 38.03276pt.
File: images.png Graphic file (type png)
<use images.png>
Package pdftex.def Info: images.png  used on input line 969.
(pdftex.def)             Requested size: 71.13188pt x 31.74756pt.

Package fancyhdr Warning: \headheight is too small (36.0976pt): 
(fancyhdr)                Make it at least 42.3828pt, for example:
(fancyhdr)                \setlength{\headheight}{42.3828pt}.
(fancyhdr)                You might also make \topmargin smaller:
(fancyhdr)                \addtolength{\topmargin}{-6.2852pt}.

[18]

File: satie-cnrs.png Graphic file (type png)
<use satie-cnrs.png>
Package pdftex.def Info: satie-cnrs.png  used on input line 973.
(pdftex.def)             Requested size: 93.89418pt x 38.03276pt.
File: images.png Graphic file (type png)
<use images.png>
Package pdftex.def Info: images.png  used on input line 973.
(pdftex.def)             Requested size: 71.13188pt x 31.74756pt.

Package fancyhdr Warning: \headheight is too small (36.0976pt): 
(fancyhdr)                Make it at least 42.3828pt, for example:
(fancyhdr)                \setlength{\headheight}{42.3828pt}.
(fancyhdr)                You might also make \topmargin smaller:
(fancyhdr)                \addtolength{\topmargin}{-6.2852pt}.

[19 <./figure/Schema_Reverse_MD.png>]

File: satie-cnrs.png Graphic file (type png)
<use satie-cnrs.png>
Package pdftex.def Info: satie-cnrs.png  used on input line 1008.
(pdftex.def)             Requested size: 93.89418pt x 38.03276pt.
File: images.png Graphic file (type png)
<use images.png>
Package pdftex.def Info: images.png  used on input line 1008.
(pdftex.def)             Requested size: 71.13188pt x 31.74756pt.

Package fancyhdr Warning: \headheight is too small (36.0976pt): 
(fancyhdr)                Make it at least 42.3828pt, for example:
(fancyhdr)                \setlength{\headheight}{42.3828pt}.
(fancyhdr)                You might also make \topmargin smaller:
(fancyhdr)                \addtolength{\topmargin}{-6.2852pt}.

[20]

Package hyperref Warning: Token not allowed in a PDF string (Unicode):
(hyperref)                removing `math shift' on input line 1034.


Package hyperref Warning: Token not allowed in a PDF string (Unicode):
(hyperref)                removing `subscript' on input line 1034.


Package hyperref Warning: Token not allowed in a PDF string (Unicode):
(hyperref)                removing `\cdot' on input line 1034.


Package hyperref Warning: Token not allowed in a PDF string (Unicode):
(hyperref)                removing `math shift' on input line 1034.


Underfull \hbox (badness 10000) in paragraph at lines 1056--1058

 []



File: satie-cnrs.png Graphic file (type png)
<use satie-cnrs.png>
Package pdftex.def Info: satie-cnrs.png  used on input line 1064.
(pdftex.def)             Requested size: 93.89418pt x 38.03276pt.
File: images.png Graphic file (type png)
<use images.png>
Package pdftex.def Info: images.png  used on input line 1064.
(pdftex.def)             Requested size: 71.13188pt x 31.74756pt.

Package fancyhdr Warning: \headheight is too small (36.0976pt): 
(fancyhdr)                Make it at least 42.3828pt, for example:
(fancyhdr)                \setlength{\headheight}{42.3828pt}.
(fancyhdr)                You might also make \topmargin smaller:
(fancyhdr)                \addtolength{\topmargin}{-6.2852pt}.

[21
pdfTeX warning (ext4): destination with the same identifier (name{equation.27}) has been already used, duplicate ignored
<argument> ...shipout:D \box_use:N \l_shipout_box 
                                                  \__shipout_drop_firstpage_...
l.1064 ...{x_t} p_t(x_t | x_0)}{ p_t(x_t | x_0)}\]
                                                  
pdfTeX warning (ext4): destination with the same identifier (name{equation.27}) has been already used, duplicate ignored
<argument> ...shipout:D \box_use:N \l_shipout_box 
                                                  \__shipout_drop_firstpage_...
l.1064 ...{x_t} p_t(x_t | x_0)}{ p_t(x_t | x_0)}\]
                                                  ]

Package hyperref Warning: Token not allowed in a PDF string (Unicode):
(hyperref)                removing `math shift' on input line 1087.


Package hyperref Warning: Token not allowed in a PDF string (Unicode):
(hyperref)                removing `subscript' on input line 1087.


Package hyperref Warning: Token not allowed in a PDF string (Unicode):
(hyperref)                removing `subscript' on input line 1087.


Package hyperref Warning: Token not allowed in a PDF string (Unicode):
(hyperref)                removing `math shift' on input line 1087.


Package hyperref Warning: Token not allowed in a PDF string (Unicode):
(hyperref)                removing `math shift' on input line 1087.


Package hyperref Warning: Token not allowed in a PDF string (Unicode):
(hyperref)                removing `\Pi' on input line 1087.


Package hyperref Warning: Token not allowed in a PDF string (Unicode):
(hyperref)                removing `math shift' on input line 1087.



File: satie-cnrs.png Graphic file (type png)
<use satie-cnrs.png>
Package pdftex.def Info: satie-cnrs.png  used on input line 1142.
(pdftex.def)             Requested size: 93.89418pt x 38.03276pt.
File: images.png Graphic file (type png)
<use images.png>
Package pdftex.def Info: images.png  used on input line 1142.
(pdftex.def)             Requested size: 71.13188pt x 31.74756pt.

Package fancyhdr Warning: \headheight is too small (36.0976pt): 
(fancyhdr)                Make it at least 42.3828pt, for example:
(fancyhdr)                \setlength{\headheight}{42.3828pt}.
(fancyhdr)                You might also make \topmargin smaller:
(fancyhdr)                \addtolength{\topmargin}{-6.2852pt}.

[22]

File: satie-cnrs.png Graphic file (type png)
<use satie-cnrs.png>
Package pdftex.def Info: satie-cnrs.png  used on input line 1192.
(pdftex.def)             Requested size: 93.89418pt x 38.03276pt.
File: images.png Graphic file (type png)
<use images.png>
Package pdftex.def Info: images.png  used on input line 1192.
(pdftex.def)             Requested size: 71.13188pt x 31.74756pt.

Package fancyhdr Warning: \headheight is too small (36.0976pt): 
(fancyhdr)                Make it at least 42.3828pt, for example:
(fancyhdr)                \setlength{\headheight}{42.3828pt}.
(fancyhdr)                You might also make \topmargin smaller:
(fancyhdr)                \addtolength{\topmargin}{-6.2852pt}.

[23]

Package hyperref Warning: Token not allowed in a PDF string (Unicode):
(hyperref)                removing `math shift' on input line 1202.


Package hyperref Warning: Token not allowed in a PDF string (Unicode):
(hyperref)                removing `subscript' on input line 1202.


Package hyperref Warning: Token not allowed in a PDF string (Unicode):
(hyperref)                removing `superscript' on input line 1202.


Package hyperref Warning: Token not allowed in a PDF string (Unicode):
(hyperref)                removing `math shift' on input line 1202.


Package hyperref Warning: Token not allowed in a PDF string (Unicode):
(hyperref)                removing `math shift' on input line 1202.


Package hyperref Warning: Token not allowed in a PDF string (Unicode):
(hyperref)                removing `\sigma' on input line 1202.


Package hyperref Warning: Token not allowed in a PDF string (Unicode):
(hyperref)                removing `subscript' on input line 1202.


Package hyperref Warning: Token not allowed in a PDF string (Unicode):
(hyperref)                removing `superscript' on input line 1202.


Package hyperref Warning: Token not allowed in a PDF string (Unicode):
(hyperref)                removing `math shift' on input line 1202.



File: satie-cnrs.png Graphic file (type png)
<use satie-cnrs.png>
Package pdftex.def Info: satie-cnrs.png  used on input line 1208.
(pdftex.def)             Requested size: 93.89418pt x 38.03276pt.
File: images.png Graphic file (type png)
<use images.png>
Package pdftex.def Info: images.png  used on input line 1208.
(pdftex.def)             Requested size: 71.13188pt x 31.74756pt.

Package fancyhdr Warning: \headheight is too small (36.0976pt): 
(fancyhdr)                Make it at least 42.3828pt, for example:
(fancyhdr)                \setlength{\headheight}{42.3828pt}.
(fancyhdr)                You might also make \topmargin smaller:
(fancyhdr)                \addtolength{\topmargin}{-6.2852pt}.

[24]

File: satie-cnrs.png Graphic file (type png)
<use satie-cnrs.png>
Package pdftex.def Info: satie-cnrs.png  used on input line 1267.
(pdftex.def)             Requested size: 93.89418pt x 38.03276pt.
File: images.png Graphic file (type png)
<use images.png>
Package pdftex.def Info: images.png  used on input line 1267.
(pdftex.def)             Requested size: 71.13188pt x 31.74756pt.

Package fancyhdr Warning: \headheight is too small (36.0976pt): 
(fancyhdr)                Make it at least 42.3828pt, for example:
(fancyhdr)                \setlength{\headheight}{42.3828pt}.
(fancyhdr)                You might also make \topmargin smaller:
(fancyhdr)                \addtolength{\topmargin}{-6.2852pt}.

[25]

File: satie-cnrs.png Graphic file (type png)
<use satie-cnrs.png>
Package pdftex.def Info: satie-cnrs.png  used on input line 1343.
(pdftex.def)             Requested size: 93.89418pt x 38.03276pt.
File: images.png Graphic file (type png)
<use images.png>
Package pdftex.def Info: images.png  used on input line 1343.
(pdftex.def)             Requested size: 71.13188pt x 31.74756pt.

Package fancyhdr Warning: \headheight is too small (36.0976pt): 
(fancyhdr)                Make it at least 42.3828pt, for example:
(fancyhdr)                \setlength{\headheight}{42.3828pt}.
(fancyhdr)                You might also make \topmargin smaller:
(fancyhdr)                \addtolength{\topmargin}{-6.2852pt}.

[26]

File: satie-cnrs.png Graphic file (type png)
<use satie-cnrs.png>
Package pdftex.def Info: satie-cnrs.png  used on input line 1397.
(pdftex.def)             Requested size: 93.89418pt x 38.03276pt.
File: images.png Graphic file (type png)
<use images.png>
Package pdftex.def Info: images.png  used on input line 1397.
(pdftex.def)             Requested size: 71.13188pt x 31.74756pt.

Package fancyhdr Warning: \headheight is too small (36.0976pt): 
(fancyhdr)                Make it at least 42.3828pt, for example:
(fancyhdr)                \setlength{\headheight}{42.3828pt}.
(fancyhdr)                You might also make \topmargin smaller:
(fancyhdr)                \addtolength{\topmargin}{-6.2852pt}.

[27]

File: satie-cnrs.png Graphic file (type png)
<use satie-cnrs.png>
Package pdftex.def Info: satie-cnrs.png  used on input line 1446.
(pdftex.def)             Requested size: 93.89418pt x 38.03276pt.
File: images.png Graphic file (type png)
<use images.png>
Package pdftex.def Info: images.png  used on input line 1446.
(pdftex.def)             Requested size: 71.13188pt x 31.74756pt.

Package fancyhdr Warning: \headheight is too small (36.0976pt): 
(fancyhdr)                Make it at least 42.3828pt, for example:
(fancyhdr)                \setlength{\headheight}{42.3828pt}.
(fancyhdr)                You might also make \topmargin smaller:
(fancyhdr)                \addtolength{\topmargin}{-6.2852pt}.

[28]

File: satie-cnrs.png Graphic file (type png)
<use satie-cnrs.png>
Package pdftex.def Info: satie-cnrs.png  used on input line 1488.
(pdftex.def)             Requested size: 93.89418pt x 38.03276pt.
File: images.png Graphic file (type png)
<use images.png>
Package pdftex.def Info: images.png  used on input line 1488.
(pdftex.def)             Requested size: 71.13188pt x 31.74756pt.

Package fancyhdr Warning: \headheight is too small (36.0976pt): 
(fancyhdr)                Make it at least 42.3828pt, for example:
(fancyhdr)                \setlength{\headheight}{42.3828pt}.
(fancyhdr)                You might also make \topmargin smaller:
(fancyhdr)                \addtolength{\topmargin}{-6.2852pt}.

[29
pdfTeX warning (ext4): destination with the same identifier (name{equation.51}) has been already used, duplicate ignored
<argument> ...shipout:D \box_use:N \l_shipout_box 
                                                  \__shipout_drop_firstpage_...
l.1488     \item \textbf
                        {positivitĂ©}]
Overfull \hbox (6.92992pt too wide) detected at line 1507
[][][]\OT1/cmr/m/n/12 
 = []
 []



File: satie-cnrs.png Graphic file (type png)
<use satie-cnrs.png>
Package pdftex.def Info: satie-cnrs.png  used on input line 1544.
(pdftex.def)             Requested size: 93.89418pt x 38.03276pt.
File: images.png Graphic file (type png)
<use images.png>
Package pdftex.def Info: images.png  used on input line 1544.
(pdftex.def)             Requested size: 71.13188pt x 31.74756pt.

Package fancyhdr Warning: \headheight is too small (36.0976pt): 
(fancyhdr)                Make it at least 42.3828pt, for example:
(fancyhdr)                \setlength{\headheight}{42.3828pt}.
(fancyhdr)                You might also make \topmargin smaller:
(fancyhdr)                \addtolength{\topmargin}{-6.2852pt}.

[30]

File: satie-cnrs.png Graphic file (type png)
<use satie-cnrs.png>
Package pdftex.def Info: satie-cnrs.png  used on input line 1599.
(pdftex.def)             Requested size: 93.89418pt x 38.03276pt.
File: images.png Graphic file (type png)
<use images.png>
Package pdftex.def Info: images.png  used on input line 1599.
(pdftex.def)             Requested size: 71.13188pt x 31.74756pt.

Package fancyhdr Warning: \headheight is too small (36.0976pt): 
(fancyhdr)                Make it at least 42.3828pt, for example:
(fancyhdr)                \setlength{\headheight}{42.3828pt}.
(fancyhdr)                You might also make \topmargin smaller:
(fancyhdr)                \addtolength{\topmargin}{-6.2852pt}.

[31]

File: satie-cnrs.png Graphic file (type png)
<use satie-cnrs.png>
Package pdftex.def Info: satie-cnrs.png  used on input line 1651.
(pdftex.def)             Requested size: 93.89418pt x 38.03276pt.
File: images.png Graphic file (type png)
<use images.png>
Package pdftex.def Info: images.png  used on input line 1651.
(pdftex.def)             Requested size: 71.13188pt x 31.74756pt.

Package fancyhdr Warning: \headheight is too small (36.0976pt): 
(fancyhdr)                Make it at least 42.3828pt, for example:
(fancyhdr)                \setlength{\headheight}{42.3828pt}.
(fancyhdr)                You might also make \topmargin smaller:
(fancyhdr)                \addtolength{\topmargin}{-6.2852pt}.

[32]

File: satie-cnrs.png Graphic file (type png)
<use satie-cnrs.png>
Package pdftex.def Info: satie-cnrs.png  used on input line 1702.
(pdftex.def)             Requested size: 93.89418pt x 38.03276pt.
File: images.png Graphic file (type png)
<use images.png>
Package pdftex.def Info: images.png  used on input line 1702.
(pdftex.def)             Requested size: 71.13188pt x 31.74756pt.

Package fancyhdr Warning: \headheight is too small (36.0976pt): 
(fancyhdr)                Make it at least 42.3828pt, for example:
(fancyhdr)                \setlength{\headheight}{42.3828pt}.
(fancyhdr)                You might also make \topmargin smaller:
(fancyhdr)                \addtolength{\topmargin}{-6.2852pt}.

[33]

File: satie-cnrs.png Graphic file (type png)
<use satie-cnrs.png>
Package pdftex.def Info: satie-cnrs.png  used on input line 1758.
(pdftex.def)             Requested size: 93.89418pt x 38.03276pt.
File: images.png Graphic file (type png)
<use images.png>
Package pdftex.def Info: images.png  used on input line 1758.
(pdftex.def)             Requested size: 71.13188pt x 31.74756pt.

Package fancyhdr Warning: \headheight is too small (36.0976pt): 
(fancyhdr)                Make it at least 42.3828pt, for example:
(fancyhdr)                \setlength{\headheight}{42.3828pt}.
(fancyhdr)                You might also make \topmargin smaller:
(fancyhdr)                \addtolength{\topmargin}{-6.2852pt}.

[34]

File: satie-cnrs.png Graphic file (type png)
<use satie-cnrs.png>
Package pdftex.def Info: satie-cnrs.png  used on input line 1840.
(pdftex.def)             Requested size: 93.89418pt x 38.03276pt.
File: images.png Graphic file (type png)
<use images.png>
Package pdftex.def Info: images.png  used on input line 1840.
(pdftex.def)             Requested size: 71.13188pt x 31.74756pt.

Package fancyhdr Warning: \headheight is too small (36.0976pt): 
(fancyhdr)                Make it at least 42.3828pt, for example:
(fancyhdr)                \setlength{\headheight}{42.3828pt}.
(fancyhdr)                You might also make \topmargin smaller:
(fancyhdr)                \addtolength{\topmargin}{-6.2852pt}.

[35]

Package hyperref Warning: Token not allowed in a PDF string (Unicode):
(hyperref)                removing `math shift' on input line 1842.


Package hyperref Warning: Token not allowed in a PDF string (Unicode):
(hyperref)                removing `\tau' on input line 1842.


Package hyperref Warning: Token not allowed in a PDF string (Unicode):
(hyperref)                removing `subscript' on input line 1842.


Package hyperref Warning: Token not allowed in a PDF string (Unicode):
(hyperref)                removing `math shift' on input line 1842.



File: satie-cnrs.png Graphic file (type png)
<use satie-cnrs.png>
Package pdftex.def Info: satie-cnrs.png  used on input line 1879.
(pdftex.def)             Requested size: 93.89418pt x 38.03276pt.
File: images.png Graphic file (type png)
<use images.png>
Package pdftex.def Info: images.png  used on input line 1879.
(pdftex.def)             Requested size: 71.13188pt x 31.74756pt.

Package fancyhdr Warning: \headheight is too small (36.0976pt): 
(fancyhdr)                Make it at least 42.3828pt, for example:
(fancyhdr)                \setlength{\headheight}{42.3828pt}.
(fancyhdr)                You might also make \topmargin smaller:
(fancyhdr)                \addtolength{\topmargin}{-6.2852pt}.

[36]

Package hyperref Warning: Token not allowed in a PDF string (Unicode):
(hyperref)                removing `math shift' on input line 1912.


Package hyperref Warning: Token not allowed in a PDF string (Unicode):
(hyperref)                removing `\tau' on input line 1912.


Package hyperref Warning: Token not allowed in a PDF string (Unicode):
(hyperref)                removing `subscript' on input line 1912.


Package hyperref Warning: Token not allowed in a PDF string (Unicode):
(hyperref)                removing `math shift' on input line 1912.



File: satie-cnrs.png Graphic file (type png)
<use satie-cnrs.png>
Package pdftex.def Info: satie-cnrs.png  used on input line 1932.
(pdftex.def)             Requested size: 93.89418pt x 38.03276pt.
File: images.png Graphic file (type png)
<use images.png>
Package pdftex.def Info: images.png  used on input line 1932.
(pdftex.def)             Requested size: 71.13188pt x 31.74756pt.

Package fancyhdr Warning: \headheight is too small (36.0976pt): 
(fancyhdr)                Make it at least 42.3828pt, for example:
(fancyhdr)                \setlength{\headheight}{42.3828pt}.
(fancyhdr)                You might also make \topmargin smaller:
(fancyhdr)                \addtolength{\topmargin}{-6.2852pt}.

[37]

Package hyperref Warning: Token not allowed in a PDF string (Unicode):
(hyperref)                removing `math shift' on input line 1959.


Package hyperref Warning: Token not allowed in a PDF string (Unicode):
(hyperref)                removing `subscript' on input line 1959.


Package hyperref Warning: Token not allowed in a PDF string (Unicode):
(hyperref)                removing `math shift' on input line 1959.



File: satie-cnrs.png Graphic file (type png)
<use satie-cnrs.png>
Package pdftex.def Info: satie-cnrs.png  used on input line 1982.
(pdftex.def)             Requested size: 93.89418pt x 38.03276pt.
File: images.png Graphic file (type png)
<use images.png>
Package pdftex.def Info: images.png  used on input line 1982.
(pdftex.def)             Requested size: 71.13188pt x 31.74756pt.

Package fancyhdr Warning: \headheight is too small (36.0976pt): 
(fancyhdr)                Make it at least 42.3828pt, for example:
(fancyhdr)                \setlength{\headheight}{42.3828pt}.
(fancyhdr)                You might also make \topmargin smaller:
(fancyhdr)                \addtolength{\topmargin}{-6.2852pt}.

[38]

File: satie-cnrs.png Graphic file (type png)
<use satie-cnrs.png>
Package pdftex.def Info: satie-cnrs.png  used on input line 2024.
(pdftex.def)             Requested size: 93.89418pt x 38.03276pt.
File: images.png Graphic file (type png)
<use images.png>
Package pdftex.def Info: images.png  used on input line 2024.
(pdftex.def)             Requested size: 71.13188pt x 31.74756pt.

Package fancyhdr Warning: \headheight is too small (36.0976pt): 
(fancyhdr)                Make it at least 42.3828pt, for example:
(fancyhdr)                \setlength{\headheight}{42.3828pt}.
(fancyhdr)                You might also make \topmargin smaller:
(fancyhdr)                \addtolength{\topmargin}{-6.2852pt}.

[39]

File: satie-cnrs.png Graphic file (type png)
<use satie-cnrs.png>
Package pdftex.def Info: satie-cnrs.png  used on input line 2072.
(pdftex.def)             Requested size: 93.89418pt x 38.03276pt.
File: images.png Graphic file (type png)
<use images.png>
Package pdftex.def Info: images.png  used on input line 2072.
(pdftex.def)             Requested size: 71.13188pt x 31.74756pt.

Package fancyhdr Warning: \headheight is too small (36.0976pt): 
(fancyhdr)                Make it at least 42.3828pt, for example:
(fancyhdr)                \setlength{\headheight}{42.3828pt}.
(fancyhdr)                You might also make \topmargin smaller:
(fancyhdr)                \addtolength{\topmargin}{-6.2852pt}.

[40]

File: satie-cnrs.png Graphic file (type png)
<use satie-cnrs.png>
Package pdftex.def Info: satie-cnrs.png  used on input line 2127.
(pdftex.def)             Requested size: 93.89418pt x 38.03276pt.
File: images.png Graphic file (type png)
<use images.png>
Package pdftex.def Info: images.png  used on input line 2127.
(pdftex.def)             Requested size: 71.13188pt x 31.74756pt.

Package fancyhdr Warning: \headheight is too small (36.0976pt): 
(fancyhdr)                Make it at least 42.3828pt, for example:
(fancyhdr)                \setlength{\headheight}{42.3828pt}.
(fancyhdr)                You might also make \topmargin smaller:
(fancyhdr)                \addtolength{\topmargin}{-6.2852pt}.

[41]

File: satie-cnrs.png Graphic file (type png)
<use satie-cnrs.png>
Package pdftex.def Info: satie-cnrs.png  used on input line 2168.
(pdftex.def)             Requested size: 93.89418pt x 38.03276pt.
File: images.png Graphic file (type png)
<use images.png>
Package pdftex.def Info: images.png  used on input line 2168.
(pdftex.def)             Requested size: 71.13188pt x 31.74756pt.

Package fancyhdr Warning: \headheight is too small (36.0976pt): 
(fancyhdr)                Make it at least 42.3828pt, for example:
(fancyhdr)                \setlength{\headheight}{42.3828pt}.
(fancyhdr)                You might also make \topmargin smaller:
(fancyhdr)                \addtolength{\topmargin}{-6.2852pt}.

[42]

File: satie-cnrs.png Graphic file (type png)
<use satie-cnrs.png>
Package pdftex.def Info: satie-cnrs.png  used on input line 2214.
(pdftex.def)             Requested size: 93.89418pt x 38.03276pt.
File: images.png Graphic file (type png)
<use images.png>
Package pdftex.def Info: images.png  used on input line 2214.
(pdftex.def)             Requested size: 71.13188pt x 31.74756pt.

Package fancyhdr Warning: \headheight is too small (36.0976pt): 
(fancyhdr)                Make it at least 42.3828pt, for example:
(fancyhdr)                \setlength{\headheight}{42.3828pt}.
(fancyhdr)                You might also make \topmargin smaller:
(fancyhdr)                \addtolength{\topmargin}{-6.2852pt}.

[43]

File: satie-cnrs.png Graphic file (type png)
<use satie-cnrs.png>
Package pdftex.def Info: satie-cnrs.png  used on input line 2249.
(pdftex.def)             Requested size: 93.89418pt x 38.03276pt.
File: images.png Graphic file (type png)
<use images.png>
Package pdftex.def Info: images.png  used on input line 2249.
(pdftex.def)             Requested size: 71.13188pt x 31.74756pt.

Package fancyhdr Warning: \headheight is too small (36.0976pt): 
(fancyhdr)                Make it at least 42.3828pt, for example:
(fancyhdr)                \setlength{\headheight}{42.3828pt}.
(fancyhdr)                You might also make \topmargin smaller:
(fancyhdr)                \addtolength{\topmargin}{-6.2852pt}.

[44]

File: satie-cnrs.png Graphic file (type png)
<use satie-cnrs.png>
Package pdftex.def Info: satie-cnrs.png  used on input line 2292.
(pdftex.def)             Requested size: 93.89418pt x 38.03276pt.
File: images.png Graphic file (type png)
<use images.png>
Package pdftex.def Info: images.png  used on input line 2292.
(pdftex.def)             Requested size: 71.13188pt x 31.74756pt.

Package fancyhdr Warning: \headheight is too small (36.0976pt): 
(fancyhdr)                Make it at least 42.3828pt, for example:
(fancyhdr)                \setlength{\headheight}{42.3828pt}.
(fancyhdr)                You might also make \topmargin smaller:
(fancyhdr)                \addtolength{\topmargin}{-6.2852pt}.

[45]
Underfull \hbox (badness 10000) in paragraph at lines 2319--2321

 []



File: satie-cnrs.png Graphic file (type png)
<use satie-cnrs.png>
Package pdftex.def Info: satie-cnrs.png  used on input line 2342.
(pdftex.def)             Requested size: 93.89418pt x 38.03276pt.
File: images.png Graphic file (type png)
<use images.png>
Package pdftex.def Info: images.png  used on input line 2342.
(pdftex.def)             Requested size: 71.13188pt x 31.74756pt.

Package fancyhdr Warning: \headheight is too small (36.0976pt): 
(fancyhdr)                Make it at least 42.3828pt, for example:
(fancyhdr)                \setlength{\headheight}{42.3828pt}.
(fancyhdr)                You might also make \topmargin smaller:
(fancyhdr)                \addtolength{\topmargin}{-6.2852pt}.

[46]
Underfull \hbox (badness 10000) in paragraph at lines 2368--2370

 []



File: satie-cnrs.png Graphic file (type png)
<use satie-cnrs.png>
Package pdftex.def Info: satie-cnrs.png  used on input line 2397.
(pdftex.def)             Requested size: 93.89418pt x 38.03276pt.
File: images.png Graphic file (type png)
<use images.png>
Package pdftex.def Info: images.png  used on input line 2397.
(pdftex.def)             Requested size: 71.13188pt x 31.74756pt.

Package fancyhdr Warning: \headheight is too small (36.0976pt): 
(fancyhdr)                Make it at least 42.3828pt, for example:
(fancyhdr)                \setlength{\headheight}{42.3828pt}.
(fancyhdr)                You might also make \topmargin smaller:
(fancyhdr)                \addtolength{\topmargin}{-6.2852pt}.

[47]

File: satie-cnrs.png Graphic file (type png)
<use satie-cnrs.png>
Package pdftex.def Info: satie-cnrs.png  used on input line 2457.
(pdftex.def)             Requested size: 93.89418pt x 38.03276pt.
File: images.png Graphic file (type png)
<use images.png>
Package pdftex.def Info: images.png  used on input line 2457.
(pdftex.def)             Requested size: 71.13188pt x 31.74756pt.

Package fancyhdr Warning: \headheight is too small (36.0976pt): 
(fancyhdr)                Make it at least 42.3828pt, for example:
(fancyhdr)                \setlength{\headheight}{42.3828pt}.
(fancyhdr)                You might also make \topmargin smaller:
(fancyhdr)                \addtolength{\topmargin}{-6.2852pt}.

[48]

File: satie-cnrs.png Graphic file (type png)
<use satie-cnrs.png>
Package pdftex.def Info: satie-cnrs.png  used on input line 2552.
(pdftex.def)             Requested size: 93.89418pt x 38.03276pt.
File: images.png Graphic file (type png)
<use images.png>
Package pdftex.def Info: images.png  used on input line 2552.
(pdftex.def)             Requested size: 71.13188pt x 31.74756pt.

Package fancyhdr Warning: \headheight is too small (36.0976pt): 
(fancyhdr)                Make it at least 42.3828pt, for example:
(fancyhdr)                \setlength{\headheight}{42.3828pt}.
(fancyhdr)                You might also make \topmargin smaller:
(fancyhdr)                \addtolength{\topmargin}{-6.2852pt}.

[49]

File: satie-cnrs.png Graphic file (type png)
<use satie-cnrs.png>
Package pdftex.def Info: satie-cnrs.png  used on input line 2633.
(pdftex.def)             Requested size: 93.89418pt x 38.03276pt.
File: images.png Graphic file (type png)
<use images.png>
Package pdftex.def Info: images.png  used on input line 2633.
(pdftex.def)             Requested size: 71.13188pt x 31.74756pt.

Package fancyhdr Warning: \headheight is too small (36.0976pt): 
(fancyhdr)                Make it at least 42.3828pt, for example:
(fancyhdr)                \setlength{\headheight}{42.3828pt}.
(fancyhdr)                You might also make \topmargin smaller:
(fancyhdr)                \addtolength{\topmargin}{-6.2852pt}.

[50]

File: satie-cnrs.png Graphic file (type png)
<use satie-cnrs.png>
Package pdftex.def Info: satie-cnrs.png  used on input line 2689.
(pdftex.def)             Requested size: 93.89418pt x 38.03276pt.
File: images.png Graphic file (type png)
<use images.png>
Package pdftex.def Info: images.png  used on input line 2689.
(pdftex.def)             Requested size: 71.13188pt x 31.74756pt.

Package fancyhdr Warning: \headheight is too small (36.0976pt): 
(fancyhdr)                Make it at least 42.3828pt, for example:
(fancyhdr)                \setlength{\headheight}{42.3828pt}.
(fancyhdr)                You might also make \topmargin smaller:
(fancyhdr)                \addtolength{\topmargin}{-6.2852pt}.

[51]
Overfull \hbox (40.68669pt too wide) detected at line 2739
[][]\OMS/cmsy/m/n/12 ^^@[] [][][] \OT1/cmr/m/n/12 = \OMS/cmsy/m/n/12 ^^@[][]^^@\OT1/cmr/m/n/12 2[](\OML/cmm/m/it/12 x[]\OT1/cmr/m/n/12 )[] + 2[] \OML/cmm/m/it/12 ^^V[][] \OT1/cmr/m/n/12 = [][]\OML/cmm/m/it/12 x[] \OMS/cmsy/m/n/12 ^^@ [] \OML/cmm/b/it/12 ^^V[][][]\OML/cmm/m/it/12 :
 []



File: satie-cnrs.png Graphic file (type png)
<use satie-cnrs.png>
Package pdftex.def Info: satie-cnrs.png  used on input line 2739.
(pdftex.def)             Requested size: 93.89418pt x 38.03276pt.
File: images.png Graphic file (type png)
<use images.png>
Package pdftex.def Info: images.png  used on input line 2739.
(pdftex.def)             Requested size: 71.13188pt x 31.74756pt.

Package fancyhdr Warning: \headheight is too small (36.0976pt): 
(fancyhdr)                Make it at least 42.3828pt, for example:
(fancyhdr)                \setlength{\headheight}{42.3828pt}.
(fancyhdr)                You might also make \topmargin smaller:
(fancyhdr)                \addtolength{\topmargin}{-6.2852pt}.

[52]

File: satie-cnrs.png Graphic file (type png)
<use satie-cnrs.png>
Package pdftex.def Info: satie-cnrs.png  used on input line 2787.
(pdftex.def)             Requested size: 93.89418pt x 38.03276pt.
File: images.png Graphic file (type png)
<use images.png>
Package pdftex.def Info: images.png  used on input line 2787.
(pdftex.def)             Requested size: 71.13188pt x 31.74756pt.

Package fancyhdr Warning: \headheight is too small (36.0976pt): 
(fancyhdr)                Make it at least 42.3828pt, for example:
(fancyhdr)                \setlength{\headheight}{42.3828pt}.
(fancyhdr)                You might also make \topmargin smaller:
(fancyhdr)                \addtolength{\topmargin}{-6.2852pt}.

[53]

File: satie-cnrs.png Graphic file (type png)
<use satie-cnrs.png>
Package pdftex.def Info: satie-cnrs.png  used on input line 2838.
(pdftex.def)             Requested size: 93.89418pt x 38.03276pt.
File: images.png Graphic file (type png)
<use images.png>
Package pdftex.def Info: images.png  used on input line 2838.
(pdftex.def)             Requested size: 71.13188pt x 31.74756pt.

Package fancyhdr Warning: \headheight is too small (36.0976pt): 
(fancyhdr)                Make it at least 42.3828pt, for example:
(fancyhdr)                \setlength{\headheight}{42.3828pt}.
(fancyhdr)                You might also make \topmargin smaller:
(fancyhdr)                \addtolength{\topmargin}{-6.2852pt}.

[54]
Underfull \hbox (badness 10000) in paragraph at lines 2878--2879

 []


Underfull \hbox (badness 10000) in paragraph at lines 2880--2881

 []



File: satie-cnrs.png Graphic file (type png)
<use satie-cnrs.png>
Package pdftex.def Info: satie-cnrs.png  used on input line 2900.
(pdftex.def)             Requested size: 93.89418pt x 38.03276pt.
File: images.png Graphic file (type png)
<use images.png>
Package pdftex.def Info: images.png  used on input line 2900.
(pdftex.def)             Requested size: 71.13188pt x 31.74756pt.

Package fancyhdr Warning: \headheight is too small (36.0976pt): 
(fancyhdr)                Make it at least 42.3828pt, for example:
(fancyhdr)                \setlength{\headheight}{42.3828pt}.
(fancyhdr)                You might also make \topmargin smaller:
(fancyhdr)                \addtolength{\topmargin}{-6.2852pt}.

[55]
Overfull \hbox (6.0644pt too wide) in paragraph at lines 2908--2909
[]\T1/cmr/bx/n/12 Bloc (II). $ [][]\OMS/cmsy/m/n/12 h\OML/cmm/m/it/12 ^^\[]\OMS/cmsy/m/n/12 i[]\OML/cmm/m/it/12 A[]\OT1/cmr/m/n/12 (\OML/cmm/m/it/12 y \OMS/cmsy/m/n/12 ^^@ \OML/cmm/m/it/12 A\OML/cmm/b/it/12 ^^V[]\OT1/cmr/m/n/12 )[][][] = \OMS/cmsy/m/n/12 h\OML/cmm/m/it/12 ^^\[]\OMS/cmsy/m/n/12 i[][]\OT1/cmr/m/n/12 (\OML/cmm/m/it/12 A[]y\OT1/cmr/m/n/12 )[] \OMS/cmsy/m/n/12 ^^@ \OT1/cmr/m/n/12 (\OML/cmm/m/it/12 A[]A\OML/cmm/b/it/12 ^^V[]\OT1/cmr/m/n/12 )[][] = \OMS/cmsy/m/n/12 ^^@h\OML/cmm/m/it/12 ^^\[]\OMS/cmsy/m/n/12 i\OT1/cmr/m/n/12 (\OML/cmm/m/it/12 A[]A\OT1/cmr/m/n/12 )[]$\T1/cmr/m/n/12 ,
 []



File: satie-cnrs.png Graphic file (type png)
<use satie-cnrs.png>
Package pdftex.def Info: satie-cnrs.png  used on input line 2962.
(pdftex.def)             Requested size: 93.89418pt x 38.03276pt.
File: images.png Graphic file (type png)
<use images.png>
Package pdftex.def Info: images.png  used on input line 2962.
(pdftex.def)             Requested size: 71.13188pt x 31.74756pt.

Package fancyhdr Warning: \headheight is too small (36.0976pt): 
(fancyhdr)                Make it at least 42.3828pt, for example:
(fancyhdr)                \setlength{\headheight}{42.3828pt}.
(fancyhdr)                You might also make \topmargin smaller:
(fancyhdr)                \addtolength{\topmargin}{-6.2852pt}.

[56]

File: satie-cnrs.png Graphic file (type png)
<use satie-cnrs.png>
Package pdftex.def Info: satie-cnrs.png  used on input line 3056.
(pdftex.def)             Requested size: 93.89418pt x 38.03276pt.
File: images.png Graphic file (type png)
<use images.png>
Package pdftex.def Info: images.png  used on input line 3056.
(pdftex.def)             Requested size: 71.13188pt x 31.74756pt.

Package fancyhdr Warning: \headheight is too small (36.0976pt): 
(fancyhdr)                Make it at least 42.3828pt, for example:
(fancyhdr)                \setlength{\headheight}{42.3828pt}.
(fancyhdr)                You might also make \topmargin smaller:
(fancyhdr)                \addtolength{\topmargin}{-6.2852pt}.

[57]

File: satie-cnrs.png Graphic file (type png)
<use satie-cnrs.png>
Package pdftex.def Info: satie-cnrs.png  used on input line 3072.
(pdftex.def)             Requested size: 93.89418pt x 38.03276pt.
File: images.png Graphic file (type png)
<use images.png>
Package pdftex.def Info: images.png  used on input line 3072.
(pdftex.def)             Requested size: 71.13188pt x 31.74756pt.

Package fancyhdr Warning: \headheight is too small (36.0976pt): 
(fancyhdr)                Make it at least 42.3828pt, for example:
(fancyhdr)                \setlength{\headheight}{42.3828pt}.
(fancyhdr)                You might also make \topmargin smaller:
(fancyhdr)                \addtolength{\topmargin}{-6.2852pt}.

[58]

File: satie-cnrs.png Graphic file (type png)
<use satie-cnrs.png>
Package pdftex.def Info: satie-cnrs.png  used on input line 3111.
(pdftex.def)             Requested size: 93.89418pt x 38.03276pt.
File: images.png Graphic file (type png)
<use images.png>
Package pdftex.def Info: images.png  used on input line 3111.
(pdftex.def)             Requested size: 71.13188pt x 31.74756pt.

Package fancyhdr Warning: \headheight is too small (36.0976pt): 
(fancyhdr)                Make it at least 42.3828pt, for example:
(fancyhdr)                \setlength{\headheight}{42.3828pt}.
(fancyhdr)                You might also make \topmargin smaller:
(fancyhdr)                \addtolength{\topmargin}{-6.2852pt}.

[59] (./main.aux)
 ***********
LaTeX2e <2024-11-01> patch level 2
L3 programming layer <2025-01-18>
 ***********


LaTeX Warning: There were multiply-defined labels.

Package rerunfilecheck Info: File `main.out' has not changed.
(rerunfilecheck)             Checksum: F3C7365E8EBAC911D5A18AA79752FB06;13952.
 ) 
Here is how much of TeX's memory you used:
 29512 strings out of 473190
 571793 string characters out of 5715800
 1025870 words of memory out of 5000000
 51931 multiletter control sequences out of 15000+600000
 586846 words of font info for 113 fonts, out of 8000000 for 9000
 1141 hyphenation exceptions out of 8191
 98i,24n,101p,997b,1031s stack positions out of 10000i,1000n,20000p,200000b,200000s
</usr/local/texlive/2025/texmf-dist/fonts/type1/public/amsfonts/cm/cmbx12.pfb></usr/local/texlive/2025/texmf-dist/fonts/type1/public/amsfonts/cm/cmbx8.pfb></usr/local/texlive/2025/texmf-dist/fonts/type1/public/amsfonts/cm/cmex10.pfb></usr/local/texlive/2025/texmf-dist/fonts/type1/public/amsfonts/cmextra/cmex7.pfb></usr/local/texlive/2025/texmf-dist/fonts/type1/public/amsfonts/cmextra/cmex8.pfb></usr/local/texlive/2025/texmf-dist/fonts/type1/public/amsfonts/cm/cmmi10.pfb></usr/local/texlive/2025/texmf-dist/fonts/type1/public/amsfonts/cm/cmmi12.pfb></usr/local/texlive/2025/texmf-dist/fonts/type1/public/amsfonts/cm/cmmi6.pfb></usr/local/texlive/2025/texmf-dist/fonts/type1/public/amsfonts/cm/cmmi8.pfb></usr/local/texlive/2025/texmf-dist/fonts/type1/public/amsfonts/cm/cmmib10.pfb></usr/local/texlive/2025/texmf-dist/fonts/type1/public/amsfonts/cmextra/cmmib8.pfb></usr/local/texlive/2025/texmf-dist/fonts/type1/public/amsfonts/cm/cmr10.pfb></usr/local/texlive/2025/texmf-dist/fonts/type1/public/amsfonts/cm/cmr12.pfb></usr/local/texlive/2025/texmf-dist/fonts/type1/public/amsfonts/cm/cmr6.pfb></usr/local/texlive/2025/texmf-dist/fonts/type1/public/amsfonts/cm/cmr8.pfb></usr/local/texlive/2025/texmf-dist/fonts/type1/public/amsfonts/cm/cmsy10.pfb></usr/local/texlive/2025/texmf-dist/fonts/type1/public/amsfonts/cm/cmsy6.pfb></usr/local/texlive/2025/texmf-dist/fonts/type1/public/amsfonts/cm/cmsy8.pfb></usr/local/texlive/2025/texmf-dist/fonts/type1/public/amsfonts/latxfont/line10.pfb></usr/local/texlive/2025/texmf-dist/fonts/type1/public/amsfonts/symbols/msam10.pfb></usr/local/texlive/2025/texmf-dist/fonts/type1/public/amsfonts/symbols/msbm10.pfb></usr/local/texlive/2025/texmf-dist/fonts/type1/public/cm-super/sfbx1200.pfb></usr/local/texlive/2025/texmf-dist/fonts/type1/public/cm-super/sfbx1440.pfb></usr/local/texlive/2025/texmf-dist/fonts/type1/public/cm-super/sfbx1728.pfb></usr/local/texlive/2025/texmf-dist/fonts/type1/public/cm-super/sfbx2488.pfb></usr/local/texlive/2025/texmf-dist/fonts/type1/public/cm-super/sfcc1200.pfb></usr/local/texlive/2025/texmf-dist/fonts/type1/public/cm-super/sfrm0800.pfb></usr/local/texlive/2025/texmf-dist/fonts/type1/public/cm-super/sfrm1095.pfb></usr/local/texlive/2025/texmf-dist/fonts/type1/public/cm-super/sfrm1200.pfb></usr/local/texlive/2025/texmf-dist/fonts/type1/public/cm-super/sfrm2488.pfb></usr/local/texlive/2025/texmf-dist/fonts/type1/public/cm-super/sfti0800.pfb></usr/local/texlive/2025/texmf-dist/fonts/type1/public/cm-super/sfti1200.pfb>
Output written on main.pdf (59 pages, 1453695 bytes).
PDF statistics:
 1315 PDF objects out of 1440 (max. 8388607)
 1149 compressed objects within 12 object streams
 372 named destinations out of 1000 (max. 500000)
 565 words of extra memory for PDF output out of 10000 (max. 10000000)

